<?xml version="1.0" encoding="UTF-8" standalone="no"?>
<!DOCTYPE svg PUBLIC "-//W3C//DTD SVG 1.0//EN"
 "http://www.w3.org/TR/2001/REC-SVG-20010904/DTD/svg10.dtd" [
 <!ATTLIST svg xmlns:xlink CDATA #FIXED "http://www.w3.org/1999/xlink">
]>
<!-- Generated by Graphviz version 2.14.1 (Fri Sep  7 12:22:15 UTC 2007)
     For user: (myexperiment) myExperiment User -->
<!-- Title: scufl_graph Pages: 1 -->
<svg width="2094pt" height="809pt"
 viewBox="0.00 0.00 2094.00 809.00" xmlns="http://www.w3.org/2000/svg" xmlns:xlink="http://www.w3.org/1999/xlink">
<g id="graph0" class="graph" transform="scale(1 1) rotate(0) translate(4 805)">
<title>scufl_graph</title>
<polygon style="fill:white;stroke:white;" points="-4,4 -4,-805 2090,-805 2090,4 -4,4"/>
<g id="cluster2" class="cluster"><title>cluster_countcount</title>
<polygon style="fill:aliceblue;stroke:black;" points="1958,-158 1958,-351 2078,-351 2078,-158 1958,-158"/>
<text text-anchor="middle" x="1978" y="-338" style="font-family:Arial;font-size:10.00;">count</text>
</g>
<g id="cluster3" class="cluster"><title>cluster_countsources</title>
<polygon style="fill:none;stroke:black;stroke-dasharray:1,5;" points="1973,-263 1973,-322 2062,-322 2062,-263 1973,-263"/>
<text text-anchor="middle" x="2017" y="-309" style="font-family:Arial;font-size:10.00;">Workflow Inputs</text>
</g>
<g id="cluster4" class="cluster"><title>cluster_countsinks</title>
<polygon style="fill:none;stroke:black;stroke-dasharray:1,5;" points="1970,-166 1970,-225 2066,-225 2066,-166 1970,-166"/>
<text text-anchor="middle" x="2018" y="-212" style="font-family:Arial;font-size:10.00;">Workflow Outputs</text>
</g>
<g id="cluster5" class="cluster"><title>cluster_count1count1</title>
<polygon style="fill:aliceblue;stroke:black;" points="952,-389 952,-582 1072,-582 1072,-389 952,-389"/>
<text text-anchor="middle" x="975" y="-569" style="font-family:Arial;font-size:10.00;">count1</text>
</g>
<g id="cluster6" class="cluster"><title>cluster_count1sources</title>
<polygon style="fill:none;stroke:black;stroke-dasharray:1,5;" points="967,-494 967,-553 1056,-553 1056,-494 967,-494"/>
<text text-anchor="middle" x="1011" y="-540" style="font-family:Arial;font-size:10.00;">Workflow Inputs</text>
</g>
<g id="cluster7" class="cluster"><title>cluster_count1sinks</title>
<polygon style="fill:none;stroke:black;stroke-dasharray:1,5;" points="964,-397 964,-456 1060,-456 1060,-397 964,-397"/>
<text text-anchor="middle" x="1012" y="-443" style="font-family:Arial;font-size:10.00;">Workflow Outputs</text>
</g>
<g id="cluster8" class="cluster"><title>cluster_R_topoR_topo</title>
<polygon style="fill:aliceblue;stroke:black;" points="26,-83 26,-351 198,-351 198,-83 26,-83"/>
<text text-anchor="middle" x="50" y="-338" style="font-family:Arial;font-size:10.00;">R_topo</text>
</g>
<g id="cluster9" class="cluster"><title>cluster_R_toposources</title>
<polygon style="fill:none;stroke:black;stroke-dasharray:1,5;" points="94,-263 94,-322 183,-322 183,-263 94,-263"/>
<text text-anchor="middle" x="138" y="-309" style="font-family:Arial;font-size:10.00;">Workflow Inputs</text>
</g>
<g id="cluster10" class="cluster"><title>cluster_R_toposinks</title>
<polygon style="fill:none;stroke:black;stroke-dasharray:1,5;" points="42,-91 42,-150 186,-150 186,-91 42,-91"/>
<text text-anchor="middle" x="90" y="-137" style="font-family:Arial;font-size:10.00;">Workflow Outputs</text>
</g>
<g id="cluster11" class="cluster"><title>cluster_R_typeR_type</title>
<polygon style="fill:aliceblue;stroke:black;" points="339,-83 339,-351 511,-351 511,-83 339,-83"/>
<text text-anchor="middle" x="364" y="-338" style="font-family:Arial;font-size:10.00;">R_type</text>
</g>
<g id="cluster12" class="cluster"><title>cluster_R_typesources</title>
<polygon style="fill:none;stroke:black;stroke-dasharray:1,5;" points="387,-263 387,-322 476,-322 476,-263 387,-263"/>
<text text-anchor="middle" x="431" y="-309" style="font-family:Arial;font-size:10.00;">Workflow Inputs</text>
</g>
<g id="cluster13" class="cluster"><title>cluster_R_typesinks</title>
<polygon style="fill:none;stroke:black;stroke-dasharray:1,5;" points="353,-91 353,-150 497,-150 497,-91 353,-91"/>
<text text-anchor="middle" x="401" y="-137" style="font-family:Arial;font-size:10.00;">Workflow Outputs</text>
</g>
<g id="cluster14" class="cluster"><title>cluster_R_effectR_effect</title>
<polygon style="fill:aliceblue;stroke:black;" points="638,-83 638,-351 810,-351 810,-83 638,-83"/>
<text text-anchor="middle" x="666" y="-338" style="font-family:Arial;font-size:10.00;">R_effect</text>
</g>
<g id="cluster15" class="cluster"><title>cluster_R_effectsources</title>
<polygon style="fill:none;stroke:black;stroke-dasharray:1,5;" points="681,-263 681,-322 770,-322 770,-263 681,-263"/>
<text text-anchor="middle" x="725" y="-309" style="font-family:Arial;font-size:10.00;">Workflow Inputs</text>
</g>
<g id="cluster16" class="cluster"><title>cluster_R_effectsinks</title>
<polygon style="fill:none;stroke:black;stroke-dasharray:1,5;" points="646,-91 646,-150 790,-150 790,-91 646,-91"/>
<text text-anchor="middle" x="694" y="-137" style="font-family:Arial;font-size:10.00;">Workflow Outputs</text>
</g>
<g id="cluster17" class="cluster"><title>cluster_R_exonR_exon</title>
<polygon style="fill:aliceblue;stroke:black;" points="1094,-83 1094,-351 1518,-351 1518,-83 1094,-83"/>
<text text-anchor="middle" x="1120" y="-338" style="font-family:Arial;font-size:10.00;">R_exon</text>
</g>
<g id="cluster18" class="cluster"><title>cluster_R_exonsources</title>
<polygon style="fill:none;stroke:black;stroke-dasharray:1,5;" points="1188,-263 1188,-322 1277,-322 1277,-263 1188,-263"/>
<text text-anchor="middle" x="1232" y="-309" style="font-family:Arial;font-size:10.00;">Workflow Inputs</text>
</g>
<g id="cluster19" class="cluster"><title>cluster_R_exonsinks</title>
<polygon style="fill:none;stroke:black;stroke-dasharray:1,5;" points="1166,-91 1166,-150 1504,-150 1504,-91 1166,-91"/>
<text text-anchor="middle" x="1214" y="-137" style="font-family:Arial;font-size:10.00;">Workflow Outputs</text>
</g>
<g id="cluster20" class="cluster"><title>cluster_R_codonsR_codons</title>
<polygon style="fill:aliceblue;stroke:black;" points="1526,-83 1526,-351 1950,-351 1950,-83 1526,-83"/>
<text text-anchor="middle" x="1557" y="-338" style="font-family:Arial;font-size:10.00;">R_codons</text>
</g>
<g id="cluster21" class="cluster"><title>cluster_R_codonssources</title>
<polygon style="fill:none;stroke:black;stroke-dasharray:1,5;" points="1612,-263 1612,-322 1701,-322 1701,-263 1612,-263"/>
<text text-anchor="middle" x="1656" y="-309" style="font-family:Arial;font-size:10.00;">Workflow Inputs</text>
</g>
<g id="cluster22" class="cluster"><title>cluster_R_codonssinks</title>
<polygon style="fill:none;stroke:black;stroke-dasharray:1,5;" points="1564,-91 1564,-150 1902,-150 1902,-91 1564,-91"/>
<text text-anchor="middle" x="1612" y="-137" style="font-family:Arial;font-size:10.00;">Workflow Outputs</text>
</g>
<g id="cluster23" class="cluster"><title>cluster_sources</title>
<polygon style="fill:none;stroke:black;stroke-dasharray:1,5;" points="703,-734 703,-793 792,-793 792,-734 703,-734"/>
<text text-anchor="middle" x="747" y="-780" style="font-family:Arial;font-size:10.00;">Workflow Inputs</text>
</g>
<g id="cluster24" class="cluster"><title>cluster_sinks</title>
<polygon style="fill:none;stroke:black;stroke-dasharray:1,5;" points="8,-16 8,-75 1968,-75 1968,-16 8,-16"/>
<text text-anchor="middle" x="56" y="-62" style="font-family:Arial;font-size:10.00;">Workflow Outputs</text>
</g>
<!-- String_Constant2 -->
<g id="node1" class="node"><title>String_Constant2</title>
<polygon style="fill:lightsteelblue;stroke:black;" points="938,-649.5 842,-649.5 842,-628.5 938,-628.5 938,-649.5"/>
<text text-anchor="middle" x="890" y="-636" style="font-family:Arial;font-size:10.00;">String_Constant2</text>
</g>
<!-- Split_string_2 -->
<g id="node5" class="node"><title>Split_string_2</title>
<polygon style="fill:#d15fee;stroke:black;" points="610,-611.5 528,-611.5 528,-590.5 610,-590.5 610,-611.5"/>
<text text-anchor="middle" x="569" y="-598" style="font-family:Arial;font-size:10.00;">Split_string_2</text>
</g>
<!-- String_Constant2&#45;&gt;Split_string_2 -->
<g id="edge145" class="edge"><title>String_Constant2&#45;&gt;Split_string_2</title>
<path style="fill:none;stroke:black;" d="M842,-633C782,-626 681,-614 620,-607"/>
<polygon style="fill:black;stroke:black;" points="620.299,-603.512 610,-606 619.602,-610.478 620.299,-603.512"/>
</g>
<!-- Split_string_ -->
<g id="node10" class="node"><title>Split_string_</title>
<polygon style="fill:#d15fee;stroke:black;" points="1262,-426.5 1186,-426.5 1186,-405.5 1262,-405.5 1262,-426.5"/>
<text text-anchor="middle" x="1224" y="-413" style="font-family:Arial;font-size:10.00;">Split_string_</text>
</g>
<!-- String_Constant2&#45;&gt;Split_string_ -->
<g id="edge147" class="edge"><title>String_Constant2&#45;&gt;Split_string_</title>
<path style="fill:none;stroke:black;" d="M938,-629C939,-628 941,-628 942,-628 977,-620 988,-626 1019,-612 1039,-602 1045,-599 1057,-582 1074,-559 1081,-483 1100,-464 1120,-443 1151,-431 1176,-424"/>
<polygon style="fill:black;stroke:black;" points="1176.88,-427.393 1186,-422 1175.51,-420.529 1176.88,-427.393"/>
</g>
<!-- Split_string_1 -->
<g id="node11" class="node"><title>Split_string_1</title>
<polygon style="fill:#d15fee;stroke:black;" points="1017,-611.5 935,-611.5 935,-590.5 1017,-590.5 1017,-611.5"/>
<text text-anchor="middle" x="976" y="-598" style="font-family:Arial;font-size:10.00;">Split_string_1</text>
</g>
<!-- String_Constant2&#45;&gt;Split_string_1 -->
<g id="edge143" class="edge"><title>String_Constant2&#45;&gt;Split_string_1</title>
<path style="fill:none;stroke:black;" d="M914,-628C923,-624 933,-620 943,-616"/>
<polygon style="fill:black;stroke:black;" points="944.283,-619.26 952,-612 941.44,-612.863 944.283,-619.26"/>
</g>
<!-- String_Constant3 -->
<g id="node2" class="node"><title>String_Constant3</title>
<polygon style="fill:lightsteelblue;stroke:black;" points="931,-611.5 835,-611.5 835,-590.5 931,-590.5 931,-611.5"/>
<text text-anchor="middle" x="883" y="-598" style="font-family:Arial;font-size:10.00;">String_Constant3</text>
</g>
<!-- Filter_list_ -->
<g id="node12" class="node"><title>Filter_list_</title>
<polygon style="fill:#d15fee;stroke:black;" points="934,-523.5 868,-523.5 868,-502.5 934,-502.5 934,-523.5"/>
<text text-anchor="middle" x="901" y="-510" style="font-family:Arial;font-size:10.00;">Filter_list_</text>
</g>
<!-- String_Constant3&#45;&gt;Filter_list_ -->
<g id="edge149" class="edge"><title>String_Constant3&#45;&gt;Filter_list_</title>
<path style="fill:none;stroke:black;" d="M885,-590C888,-576 893,-552 897,-534"/>
<polygon style="fill:black;stroke:black;" points="900.471,-534.492 899,-524 893.607,-533.119 900.471,-534.492"/>
</g>
<!-- dataset -->
<g id="node3" class="node"><title>dataset</title>
<polygon style="fill:lightsteelblue;stroke:black;" points="848,-763.5 800,-763.5 800,-742.5 848,-742.5 848,-763.5"/>
<text text-anchor="middle" x="824" y="-750" style="font-family:Arial;font-size:10.00;">dataset</text>
</g>
<!-- getP53_Ids -->
<g id="node160" class="node"><title>getP53_Ids</title>
<polygon style="fill:lightgoldenrodyellow;stroke:black;" points="1010,-649.5 942,-649.5 942,-628.5 1010,-628.5 1010,-649.5"/>
<text text-anchor="middle" x="976" y="-636" style="font-family:Arial;font-size:10.00;">getP53_Ids</text>
</g>
<!-- dataset&#45;&gt;getP53_Ids -->
<g id="edge153" class="edge"><title>dataset&#45;&gt;getP53_Ids</title>
<path style="fill:none;stroke:black;" d="M843,-742C851,-738 860,-732 868,-726 901,-703 935,-675 956,-657"/>
<polygon style="fill:black;stroke:black;" points="958.779,-659.219 964,-650 954.169,-653.951 958.779,-659.219"/>
</g>
<!-- getP53_Topography -->
<g id="node162" class="node"><title>getP53_Topography</title>
<polygon style="fill:lightgoldenrodyellow;stroke:black;" points="814,-687.5 706,-687.5 706,-666.5 814,-666.5 814,-687.5"/>
<text text-anchor="middle" x="760" y="-674" style="font-family:Arial;font-size:10.00;">getP53_Topography</text>
</g>
<!-- dataset&#45;&gt;getP53_Topography -->
<g id="edge155" class="edge"><title>dataset&#45;&gt;getP53_Topography</title>
<path style="fill:none;stroke:black;" d="M808,-742C804,-740 798,-736 793,-734 786,-730 782,-732 776,-726 770,-718 766,-707 763,-698"/>
<polygon style="fill:black;stroke:black;" points="766.393,-697.119 761,-688 759.529,-698.492 766.393,-697.119"/>
</g>
<!-- getP53_Codons -->
<g id="node164" class="node"><title>getP53_Codons</title>
<polygon style="fill:lightgoldenrodyellow;stroke:black;" points="866,-725.5 778,-725.5 778,-704.5 866,-704.5 866,-725.5"/>
<text text-anchor="middle" x="822" y="-712" style="font-family:Arial;font-size:10.00;">getP53_Codons</text>
</g>
<!-- dataset&#45;&gt;getP53_Codons -->
<g id="edge151" class="edge"><title>dataset&#45;&gt;getP53_Codons</title>
<path style="fill:none;stroke:black;" d="M823,-742C823,-740 823,-738 823,-736"/>
<polygon style="fill:black;stroke:black;" points="826.5,-736 823,-726 819.5,-736 826.5,-736"/>
</g>
<!-- query_field -->
<g id="node4" class="node"><title>query_field</title>
<polygon style="fill:lightsteelblue;stroke:black;" points="1008,-763.5 938,-763.5 938,-742.5 1008,-742.5 1008,-763.5"/>
<text text-anchor="middle" x="973" y="-750" style="font-family:Arial;font-size:10.00;">query_field</text>
</g>
<!-- query_field&#45;&gt;getP53_Ids -->
<g id="edge245" class="edge"><title>query_field&#45;&gt;getP53_Ids</title>
<path style="fill:none;stroke:black;" d="M973,-742C974,-724 975,-685 976,-660"/>
<polygon style="fill:black;stroke:black;" points="979.5,-660 976,-650 972.5,-660 979.5,-660"/>
</g>
<!-- query_field&#45;&gt;getP53_Topography -->
<g id="edge247" class="edge"><title>query_field&#45;&gt;getP53_Topography</title>
<path style="fill:none;stroke:black;" d="M953,-742C933,-732 899,-715 868,-704 853,-698 837,-694 822,-690"/>
<polygon style="fill:black;stroke:black;" points="822.492,-686.529 812,-688 821.119,-693.393 822.492,-686.529"/>
</g>
<!-- query_field&#45;&gt;getP53_Codons -->
<g id="edge243" class="edge"><title>query_field&#45;&gt;getP53_Codons</title>
<path style="fill:none;stroke:black;" d="M938,-744C919,-740 895,-733 874,-728"/>
<polygon style="fill:black;stroke:black;" points="874.492,-724.529 864,-726 873.119,-731.393 874.492,-724.529"/>
</g>
<!-- Filter_list_2 -->
<g id="node9" class="node"><title>Filter_list_2</title>
<polygon style="fill:#d15fee;stroke:black;" points="249,-380.5 177,-380.5 177,-359.5 249,-359.5 249,-380.5"/>
<text text-anchor="middle" x="213" y="-367" style="font-family:Arial;font-size:10.00;">Filter_list_2</text>
</g>
<!-- Split_string_2&#45;&gt;Filter_list_2 -->
<g id="edge137" class="edge"><title>Split_string_2&#45;&gt;Filter_list_2</title>
<path style="fill:none;stroke:black;" d="M536,-590C479,-571 360,-524 277,-456 255,-436 236,-408 224,-390"/>
<polygon style="fill:black;stroke:black;" points="226.916,-388.042 219,-381 220.797,-391.441 226.916,-388.042"/>
</g>
<!-- Remove_duplicate_strings -->
<g id="node6" class="node"><title>Remove_duplicate_strings</title>
<polygon style="fill:#d15fee;stroke:black;" points="1982,-380.5 1840,-380.5 1840,-359.5 1982,-359.5 1982,-380.5"/>
<text text-anchor="middle" x="1911" y="-367" style="font-family:Arial;font-size:10.00;">Remove_duplicate_strings</text>
</g>
<!-- countWORKFLOWINTERNALSOURCE_list -->
<g id="node19" class="node"><title>countWORKFLOWINTERNALSOURCE_list</title>
<polygon style="fill:skyblue;stroke:black;" points="2022,-292.5 1992,-292.5 1992,-271.5 2022,-271.5 2022,-292.5"/>
<text text-anchor="middle" x="2007" y="-279" style="font-family:Arial;font-size:10.00;">list</text>
</g>
<!-- Remove_duplicate_strings&#45;&gt;countWORKFLOWINTERNALSOURCE_list -->
<g id="edge131" class="edge"><title>Remove_duplicate_strings&#45;&gt;countWORKFLOWINTERNALSOURCE_list</title>
<path style="fill:none;stroke:black;" d="M1923,-359C1939,-344 1968,-318 1987,-300"/>
<polygon style="fill:black;stroke:black;" points="1989.78,-302.219 1995,-293 1985.17,-296.951 1989.78,-302.219"/>
</g>
<!-- Filter_list_3 -->
<g id="node7" class="node"><title>Filter_list_3</title>
<polygon style="fill:#d15fee;stroke:black;" points="1076,-254.5 1004,-254.5 1004,-233.5 1076,-233.5 1076,-254.5"/>
<text text-anchor="middle" x="1040" y="-241" style="font-family:Arial;font-size:10.00;">Filter_list_3</text>
</g>
<!-- R_exonWORKFLOWINTERNALSOURCE_i -->
<g id="node105" class="node"><title>R_exonWORKFLOWINTERNALSOURCE_i</title>
<polygon style="fill:skyblue;stroke:black;" points="1232,-292.5 1214,-292.5 1214,-271.5 1232,-271.5 1232,-292.5"/>
<text text-anchor="middle" x="1223" y="-279" style="font-family:Arial;font-size:10.00;">i</text>
</g>
<!-- Filter_list_3&#45;&gt;R_exonWORKFLOWINTERNALSOURCE_i -->
<g id="edge161" class="edge"><title>Filter_list_3&#45;&gt;R_exonWORKFLOWINTERNALSOURCE_i</title>
<path style="fill:none;stroke:black;" d="M1076,-251C1115,-259 1174,-272 1204,-278"/>
<polygon style="fill:black;stroke:black;" points="1203.51,-281.471 1214,-280 1204.88,-274.607 1203.51,-281.471"/>
</g>
<!-- Filter_list_1 -->
<g id="node8" class="node"><title>Filter_list_1</title>
<polygon style="fill:#d15fee;stroke:black;" points="1452,-380.5 1380,-380.5 1380,-359.5 1452,-359.5 1452,-380.5"/>
<text text-anchor="middle" x="1416" y="-367" style="font-family:Arial;font-size:10.00;">Filter_list_1</text>
</g>
<!-- R_codonsWORKFLOWINTERNALSOURCE_i -->
<g id="node137" class="node"><title>R_codonsWORKFLOWINTERNALSOURCE_i</title>
<polygon style="fill:skyblue;stroke:black;" points="1656,-292.5 1638,-292.5 1638,-271.5 1656,-271.5 1656,-292.5"/>
<text text-anchor="middle" x="1647" y="-279" style="font-family:Arial;font-size:10.00;">i</text>
</g>
<!-- Filter_list_1&#45;&gt;R_codonsWORKFLOWINTERNALSOURCE_i -->
<g id="edge127" class="edge"><title>Filter_list_1&#45;&gt;R_codonsWORKFLOWINTERNALSOURCE_i</title>
<path style="fill:none;stroke:black;" d="M1444,-359C1492,-342 1588,-305 1629,-289"/>
<polygon style="fill:black;stroke:black;" points="1630.28,-292.26 1638,-285 1627.44,-285.863 1630.28,-292.26"/>
</g>
<!-- R_topoWORKFLOWINTERNALSOURCE_i -->
<g id="node42" class="node"><title>R_topoWORKFLOWINTERNALSOURCE_i</title>
<polygon style="fill:skyblue;stroke:black;" points="141,-292.5 123,-292.5 123,-271.5 141,-271.5 141,-292.5"/>
<text text-anchor="middle" x="132" y="-279" style="font-family:Arial;font-size:10.00;">i</text>
</g>
<!-- Filter_list_2&#45;&gt;R_topoWORKFLOWINTERNALSOURCE_i -->
<g id="edge129" class="edge"><title>Filter_list_2&#45;&gt;R_topoWORKFLOWINTERNALSOURCE_i</title>
<path style="fill:none;stroke:black;" d="M177,-363C169,-360 162,-356 156,-351 143,-338 137,-318 135,-303"/>
<polygon style="fill:black;stroke:black;" points="138.393,-302.119 133,-293 131.529,-303.492 138.393,-302.119"/>
</g>
<!-- WORKFLOWINTERNALSINK_test2 -->
<g id="node185" class="node"><title>WORKFLOWINTERNALSINK_test2</title>
<polygon style="fill:#bcd2ee;stroke:black;" points="232,-45.5 194,-45.5 194,-24.5 232,-24.5 232,-45.5"/>
<text text-anchor="middle" x="213" y="-32" style="font-family:Arial;font-size:10.00;">test2</text>
</g>
<!-- Filter_list_2&#45;&gt;WORKFLOWINTERNALSINK_test2 -->
<g id="edge191" class="edge"><title>Filter_list_2&#45;&gt;WORKFLOWINTERNALSINK_test2</title>
<path style="fill:none;stroke:black;" d="M213,-359C213,-337 213,-287 213,-244 213,-244 213,-244 213,-185 213,-138 213,-85 213,-56"/>
<polygon style="fill:black;stroke:black;" points="216.5,-56 213,-46 209.5,-56 216.5,-56"/>
</g>
<!-- Split_string_&#45;&gt;Remove_duplicate_strings -->
<g id="edge141" class="edge"><title>Split_string_&#45;&gt;Remove_duplicate_strings</title>
<path style="fill:none;stroke:black;" d="M1262,-413C1370,-406 1681,-385 1830,-376"/>
<polygon style="fill:black;stroke:black;" points="1830.4,-379.478 1840,-375 1829.7,-372.512 1830.4,-379.478"/>
</g>
<!-- Split_string_&#45;&gt;Filter_list_1 -->
<g id="edge139" class="edge"><title>Split_string_&#45;&gt;Filter_list_1</title>
<path style="fill:none;stroke:black;" d="M1262,-407C1293,-399 1337,-389 1370,-381"/>
<polygon style="fill:black;stroke:black;" points="1370.88,-384.393 1380,-379 1369.51,-377.529 1370.88,-384.393"/>
</g>
<!-- Split_string_1&#45;&gt;Filter_list_ -->
<g id="edge133" class="edge"><title>Split_string_1&#45;&gt;Filter_list_</title>
<path style="fill:none;stroke:black;" d="M967,-590C955,-575 933,-550 917,-532"/>
<polygon style="fill:black;stroke:black;" points="919.219,-529.221 910,-524 913.951,-533.831 919.219,-529.221"/>
</g>
<!-- count1WORKFLOWINTERNALSOURCE_list -->
<g id="node29" class="node"><title>count1WORKFLOWINTERNALSOURCE_list</title>
<polygon style="fill:skyblue;stroke:black;" points="1016,-523.5 986,-523.5 986,-502.5 1016,-502.5 1016,-523.5"/>
<text text-anchor="middle" x="1001" y="-510" style="font-family:Arial;font-size:10.00;">list</text>
</g>
<!-- Split_string_1&#45;&gt;count1WORKFLOWINTERNALSOURCE_list -->
<g id="edge135" class="edge"><title>Split_string_1&#45;&gt;count1WORKFLOWINTERNALSOURCE_list</title>
<path style="fill:none;stroke:black;" d="M980,-590C980,-588 981,-585 982,-582 987,-566 992,-547 996,-534"/>
<polygon style="fill:black;stroke:black;" points="999.471,-534.492 998,-524 992.607,-533.119 999.471,-534.492"/>
</g>
<!-- getP53_Mutations -->
<g id="node159" class="node"><title>getP53_Mutations</title>
<polygon style="fill:lightgoldenrodyellow;stroke:black;" points="970,-254.5 872,-254.5 872,-233.5 970,-233.5 970,-254.5"/>
<text text-anchor="middle" x="921" y="-241" style="font-family:Arial;font-size:10.00;">getP53_Mutations</text>
</g>
<!-- Filter_list_&#45;&gt;getP53_Mutations -->
<g id="edge171" class="edge"><title>Filter_list_&#45;&gt;getP53_Mutations</title>
<path style="fill:none;stroke:black;" d="M902,-502C904,-480 907,-426 908,-381 909,-371 911,-368 908,-359 908,-355 905,-354 904,-351 897,-315 892,-301 905,-265"/>
<polygon style="fill:black;stroke:black;" points="908.536,-265.585 909,-255 902.036,-262.985 908.536,-265.585"/>
</g>
<!-- getP53_Intron -->
<g id="node161" class="node"><title>getP53_Intron</title>
<polygon style="fill:lightgoldenrodyellow;stroke:black;" points="908,-380.5 828,-380.5 828,-359.5 908,-359.5 908,-380.5"/>
<text text-anchor="middle" x="868" y="-367" style="font-family:Arial;font-size:10.00;">getP53_Intron</text>
</g>
<!-- Filter_list_&#45;&gt;getP53_Intron -->
<g id="edge167" class="edge"><title>Filter_list_&#45;&gt;getP53_Intron</title>
<path style="fill:none;stroke:black;" d="M899,-502C894,-479 880,-422 873,-391"/>
<polygon style="fill:black;stroke:black;" points="876.393,-390.119 871,-381 869.529,-391.492 876.393,-390.119"/>
</g>
<!-- getP53_Effect -->
<g id="node163" class="node"><title>getP53_Effect</title>
<polygon style="fill:lightgoldenrodyellow;stroke:black;" points="756,-426.5 676,-426.5 676,-405.5 756,-405.5 756,-426.5"/>
<text text-anchor="middle" x="716" y="-413" style="font-family:Arial;font-size:10.00;">getP53_Effect</text>
</g>
<!-- Filter_list_&#45;&gt;getP53_Effect -->
<g id="edge163" class="edge"><title>Filter_list_&#45;&gt;getP53_Effect</title>
<path style="fill:none;stroke:black;" d="M881,-502C848,-484 783,-451 745,-432"/>
<polygon style="fill:black;stroke:black;" points="746.441,-428.797 736,-427 743.042,-434.916 746.441,-428.797"/>
</g>
<!-- getP53_Mut_Type -->
<g id="node165" class="node"><title>getP53_Mut_Type</title>
<polygon style="fill:lightgoldenrodyellow;stroke:black;" points="572,-485.5 470,-485.5 470,-464.5 572,-464.5 572,-485.5"/>
<text text-anchor="middle" x="521" y="-472" style="font-family:Arial;font-size:10.00;">getP53_Mut_Type</text>
</g>
<!-- Filter_list_&#45;&gt;getP53_Mut_Type -->
<g id="edge169" class="edge"><title>Filter_list_&#45;&gt;getP53_Mut_Type</title>
<path style="fill:none;stroke:black;" d="M868,-510C804,-503 663,-489 582,-481"/>
<polygon style="fill:black;stroke:black;" points="582.299,-477.512 572,-480 581.602,-484.478 582.299,-477.512"/>
</g>
<!-- getP53_Exon -->
<g id="node166" class="node"><title>getP53_Exon</title>
<polygon style="fill:lightgoldenrodyellow;stroke:black;" points="980,-292.5 904,-292.5 904,-271.5 980,-271.5 980,-292.5"/>
<text text-anchor="middle" x="942" y="-279" style="font-family:Arial;font-size:10.00;">getP53_Exon</text>
</g>
<!-- Filter_list_&#45;&gt;getP53_Exon -->
<g id="edge165" class="edge"><title>Filter_list_&#45;&gt;getP53_Exon</title>
<path style="fill:none;stroke:black;" d="M910,-502C914,-498 917,-492 919,-486 931,-453 939,-348 941,-303"/>
<polygon style="fill:black;stroke:black;" points="944.5,-303 941,-293 937.5,-303 944.5,-303"/>
</g>
<!-- WORKFLOWINTERNALSINK_o -->
<g id="node176" class="node"><title>WORKFLOWINTERNALSINK_o</title>
<polygon style="fill:#bcd2ee;stroke:black;" points="1020,-45.5 1000,-45.5 1000,-24.5 1020,-24.5 1020,-45.5"/>
<text text-anchor="middle" x="1010" y="-32" style="font-family:Arial;font-size:10.00;">o</text>
</g>
<!-- Filter_list_&#45;&gt;WORKFLOWINTERNALSINK_o -->
<g id="edge193" class="edge"><title>Filter_list_&#45;&gt;WORKFLOWINTERNALSINK_o</title>
<path style="fill:none;stroke:black;" d="M913,-502C917,-498 922,-492 926,-486 951,-446 946,-431 963,-389 971,-371 976,-368 980,-351 992,-304 987,-291 987,-244 987,-244 987,-244 987,-185 987,-139 986,-127 994,-83 995,-77 999,-66 1003,-56"/>
<polygon style="fill:black;stroke:black;" points="1006.48,-56.584 1006,-46 999.774,-54.5725 1006.48,-56.584"/>
</g>
<!-- filter_list1 -->
<g id="node13" class="node"><title>filter_list1</title>
<polygon style="fill:#eec591;stroke:black;" points="747,-380.5 685,-380.5 685,-359.5 747,-359.5 747,-380.5"/>
<text text-anchor="middle" x="716" y="-367" style="font-family:Arial;font-size:10.00;">filter_list1</text>
</g>
<!-- R_effectWORKFLOWINTERNALSOURCE_i -->
<g id="node82" class="node"><title>R_effectWORKFLOWINTERNALSOURCE_i</title>
<polygon style="fill:skyblue;stroke:black;" points="725,-292.5 707,-292.5 707,-271.5 725,-271.5 725,-292.5"/>
<text text-anchor="middle" x="716" y="-279" style="font-family:Arial;font-size:10.00;">i</text>
</g>
<!-- filter_list1&#45;&gt;R_effectWORKFLOWINTERNALSOURCE_i -->
<g id="edge173" class="edge"><title>filter_list1&#45;&gt;R_effectWORKFLOWINTERNALSOURCE_i</title>
<path style="fill:none;stroke:black;" d="M716,-359C716,-345 716,-321 716,-303"/>
<polygon style="fill:black;stroke:black;" points="719.5,-303 716,-293 712.5,-303 719.5,-303"/>
</g>
<!-- filter_list -->
<g id="node14" class="node"><title>filter_list</title>
<polygon style="fill:#eec591;stroke:black;" points="451,-380.5 393,-380.5 393,-359.5 451,-359.5 451,-380.5"/>
<text text-anchor="middle" x="422" y="-367" style="font-family:Arial;font-size:10.00;">filter_list</text>
</g>
<!-- R_typeWORKFLOWINTERNALSOURCE_i -->
<g id="node62" class="node"><title>R_typeWORKFLOWINTERNALSOURCE_i</title>
<polygon style="fill:skyblue;stroke:black;" points="431,-292.5 413,-292.5 413,-271.5 431,-271.5 431,-292.5"/>
<text text-anchor="middle" x="422" y="-279" style="font-family:Arial;font-size:10.00;">i</text>
</g>
<!-- filter_list&#45;&gt;R_typeWORKFLOWINTERNALSOURCE_i -->
<g id="edge175" class="edge"><title>filter_list&#45;&gt;R_typeWORKFLOWINTERNALSOURCE_i</title>
<path style="fill:none;stroke:black;" d="M422,-359C422,-345 422,-321 422,-303"/>
<polygon style="fill:black;stroke:black;" points="425.5,-303 422,-293 418.5,-303 425.5,-303"/>
</g>
<!-- WORKFLOWINTERNALSINK_filt_type -->
<g id="node198" class="node"><title>WORKFLOWINTERNALSINK_filt_type</title>
<polygon style="fill:#bcd2ee;stroke:black;" points="330,-45.5 276,-45.5 276,-24.5 330,-24.5 330,-45.5"/>
<text text-anchor="middle" x="303" y="-32" style="font-family:Arial;font-size:10.00;">filt_type</text>
</g>
<!-- filter_list&#45;&gt;WORKFLOWINTERNALSINK_filt_type -->
<g id="edge241" class="edge"><title>filter_list&#45;&gt;WORKFLOWINTERNALSINK_filt_type</title>
<path style="fill:none;stroke:black;" d="M398,-359C394,-357 390,-354 386,-351 344,-312 316,-300 316,-244 316,-244 316,-244 316,-185 316,-138 310,-84 306,-56"/>
<polygon style="fill:black;stroke:black;" points="309.478,-55.6021 305,-46 302.512,-56.2987 309.478,-55.6021"/>
</g>
<!-- countCountListElements -->
<g id="node16" class="node"><title>countCountListElements</title>
<polygon style="fill:#eec591;stroke:black;" points="2070,-254.5 1966,-254.5 1966,-233.5 2070,-233.5 2070,-254.5"/>
<text text-anchor="middle" x="2018" y="-241" style="font-family:Arial;font-size:10.00;">CountListElements</text>
</g>
<!-- countWORKFLOWINTERNALSINK_count -->
<g id="node22" class="node"><title>countWORKFLOWINTERNALSINK_count</title>
<polygon style="fill:#bcd2ee;stroke:black;" points="2028,-195.5 1988,-195.5 1988,-174.5 2028,-174.5 2028,-195.5"/>
<text text-anchor="middle" x="2008" y="-182" style="font-family:Arial;font-size:10.00;">count</text>
</g>
<!-- countCountListElements&#45;&gt;countWORKFLOWINTERNALSINK_count -->
<g id="edge7" class="edge"><title>countCountListElements&#45;&gt;countWORKFLOWINTERNALSINK_count</title>
<path style="fill:none;stroke:black;" d="M2016,-233C2015,-225 2013,-215 2011,-206"/>
<polygon style="fill:black;stroke:black;" points="2014.48,-205.602 2010,-196 2007.51,-206.299 2014.48,-205.602"/>
</g>
<!-- countWORKFLOWINTERNALSOURCECONTROL -->
<g id="node18" class="node"><title>countWORKFLOWINTERNALSOURCECONTROL</title>
<polygon style="fill:#ff4040;stroke:black;" points="2040,-289 2033,-278.5 2047,-278.5 2040,-289"/>
</g>
<!-- countWORKFLOWINTERNALSOURCE_list&#45;&gt;countCountListElements -->
<g id="edge5" class="edge"><title>countWORKFLOWINTERNALSOURCE_list&#45;&gt;countCountListElements</title>
<path style="fill:none;stroke:black;" d="M2010,-271C2010,-269 2011,-267 2012,-265"/>
<polygon style="fill:black;stroke:black;" points="2015.48,-265.584 2015,-255 2008.77,-263.573 2015.48,-265.584"/>
</g>
<!-- countWORKFLOWINTERNALSINKCONTROL -->
<g id="node21" class="node"><title>countWORKFLOWINTERNALSINKCONTROL</title>
<polygon style="fill:#66cd00;stroke:black;" points="2045,-178 2052,-188.5 2038,-188.5 2045,-178"/>
</g>
<!-- WORKFLOWINTERNALSINK_c1 -->
<g id="node174" class="node"><title>WORKFLOWINTERNALSINK_c1</title>
<polygon style="fill:#bcd2ee;stroke:black;" points="1942,-45.5 1916,-45.5 1916,-24.5 1942,-24.5 1942,-45.5"/>
<text text-anchor="middle" x="1929" y="-32" style="font-family:Arial;font-size:10.00;">c1</text>
</g>
<!-- countWORKFLOWINTERNALSINK_count&#45;&gt;WORKFLOWINTERNALSINK_c1 -->
<g id="edge239" class="edge"><title>countWORKFLOWINTERNALSINK_count&#45;&gt;WORKFLOWINTERNALSINK_c1</title>
<path style="fill:none;stroke:black;" d="M2001,-174C1989,-155 1964,-112 1946,-75 1943,-69 1940,-62 1937,-56"/>
<polygon style="fill:black;stroke:black;" points="1939.96,-53.9849 1933,-46 1933.46,-56.5847 1939.96,-53.9849"/>
</g>
<!-- count1CountListElements -->
<g id="node26" class="node"><title>count1CountListElements</title>
<polygon style="fill:#eec591;stroke:black;" points="1064,-485.5 960,-485.5 960,-464.5 1064,-464.5 1064,-485.5"/>
<text text-anchor="middle" x="1012" y="-472" style="font-family:Arial;font-size:10.00;">CountListElements</text>
</g>
<!-- count1WORKFLOWINTERNALSINK_count -->
<g id="node32" class="node"><title>count1WORKFLOWINTERNALSINK_count</title>
<polygon style="fill:#bcd2ee;stroke:black;" points="1021,-426.5 981,-426.5 981,-405.5 1021,-405.5 1021,-426.5"/>
<text text-anchor="middle" x="1001" y="-413" style="font-family:Arial;font-size:10.00;">count</text>
</g>
<!-- count1CountListElements&#45;&gt;count1WORKFLOWINTERNALSINK_count -->
<g id="edge14" class="edge"><title>count1CountListElements&#45;&gt;count1WORKFLOWINTERNALSINK_count</title>
<path style="fill:none;stroke:black;" d="M1010,-464C1009,-456 1007,-446 1005,-437"/>
<polygon style="fill:black;stroke:black;" points="1008.39,-436.119 1003,-427 1001.53,-437.492 1008.39,-436.119"/>
</g>
<!-- count1WORKFLOWINTERNALSOURCECONTROL -->
<g id="node28" class="node"><title>count1WORKFLOWINTERNALSOURCECONTROL</title>
<polygon style="fill:#ff4040;stroke:black;" points="1034,-520 1027,-509.5 1041,-509.5 1034,-520"/>
</g>
<!-- count1WORKFLOWINTERNALSOURCE_list&#45;&gt;count1CountListElements -->
<g id="edge12" class="edge"><title>count1WORKFLOWINTERNALSOURCE_list&#45;&gt;count1CountListElements</title>
<path style="fill:none;stroke:black;" d="M1004,-502C1004,-500 1005,-498 1006,-496"/>
<polygon style="fill:black;stroke:black;" points="1009.48,-496.584 1009,-486 1002.77,-494.573 1009.48,-496.584"/>
</g>
<!-- count1WORKFLOWINTERNALSINKCONTROL -->
<g id="node31" class="node"><title>count1WORKFLOWINTERNALSINKCONTROL</title>
<polygon style="fill:#66cd00;stroke:black;" points="1040,-409 1047,-419.5 1033,-419.5 1040,-409"/>
</g>
<!-- WORKFLOWINTERNALSINK_c2 -->
<g id="node175" class="node"><title>WORKFLOWINTERNALSINK_c2</title>
<polygon style="fill:#bcd2ee;stroke:black;" points="1050,-45.5 1024,-45.5 1024,-24.5 1050,-24.5 1050,-45.5"/>
<text text-anchor="middle" x="1037" y="-32" style="font-family:Arial;font-size:10.00;">c2</text>
</g>
<!-- count1WORKFLOWINTERNALSINK_count&#45;&gt;WORKFLOWINTERNALSINK_c2 -->
<g id="edge237" class="edge"><title>count1WORKFLOWINTERNALSINK_count&#45;&gt;WORKFLOWINTERNALSINK_c2</title>
<path style="fill:none;stroke:black;" d="M1000,-405C999,-382 997,-327 997,-282 997,-282 997,-282 997,-185 997,-139 979,-120 1004,-83 1009,-76 1015,-80 1020,-75 1025,-69 1029,-62 1032,-56"/>
<polygon style="fill:black;stroke:black;" points="1035.48,-56.584 1035,-46 1028.77,-54.5725 1035.48,-56.584"/>
</g>
<!-- R_topodelist_strings -->
<g id="node36" class="node"><title>R_topodelist_strings</title>
<polygon style="fill:#d15fee;stroke:black;" points="168,-254.5 88,-254.5 88,-233.5 168,-233.5 168,-254.5"/>
<text text-anchor="middle" x="128" y="-241" style="font-family:Arial;font-size:10.00;">delist_strings</text>
</g>
<!-- R_topopie_distr -->
<g id="node37" class="node"><title>R_topopie_distr</title>
<polygon style="fill:lightgoldenrodyellow;stroke:black;" points="190,-195.5 132,-195.5 132,-174.5 190,-174.5 190,-195.5"/>
<text text-anchor="middle" x="161" y="-182" style="font-family:Arial;font-size:10.00;">pie_distr</text>
</g>
<!-- R_topodelist_strings&#45;&gt;R_topopie_distr -->
<g id="edge21" class="edge"><title>R_topodelist_strings&#45;&gt;R_topopie_distr</title>
<path style="fill:none;stroke:black;" d="M134,-233C138,-225 145,-214 150,-205"/>
<polygon style="fill:black;stroke:black;" points="153.203,-206.441 155,-196 147.084,-203.042 153.203,-206.441"/>
</g>
<!-- R_topobarplot -->
<g id="node38" class="node"><title>R_topobarplot</title>
<polygon style="fill:lightgoldenrodyellow;stroke:black;" points="82,-195.5 34,-195.5 34,-174.5 82,-174.5 82,-195.5"/>
<text text-anchor="middle" x="58" y="-182" style="font-family:Arial;font-size:10.00;">barplot</text>
</g>
<!-- R_topodelist_strings&#45;&gt;R_topobarplot -->
<g id="edge19" class="edge"><title>R_topodelist_strings&#45;&gt;R_topobarplot</title>
<path style="fill:none;stroke:black;" d="M99,-233C95,-231 90,-228 86,-225 80,-220 74,-212 70,-205"/>
<polygon style="fill:black;stroke:black;" points="72.4592,-202.379 64,-196 66.6349,-206.262 72.4592,-202.379"/>
</g>
<!-- R_topon_list -->
<g id="node39" class="node"><title>R_topon_list</title>
<polygon style="fill:lightgoldenrodyellow;stroke:black;" points="128,-195.5 86,-195.5 86,-174.5 128,-174.5 128,-195.5"/>
<text text-anchor="middle" x="107" y="-182" style="font-family:Arial;font-size:10.00;">n_list</text>
</g>
<!-- R_topodelist_strings&#45;&gt;R_topon_list -->
<g id="edge25" class="edge"><title>R_topodelist_strings&#45;&gt;R_topon_list</title>
<path style="fill:none;stroke:black;" d="M124,-233C121,-225 118,-215 115,-206"/>
<polygon style="fill:black;stroke:black;" points="117.964,-203.985 111,-196 111.464,-206.585 117.964,-203.985"/>
</g>
<!-- R_topoWORKFLOWINTERNALSINK_pie -->
<g id="node45" class="node"><title>R_topoWORKFLOWINTERNALSINK_pie</title>
<polygon style="fill:#bcd2ee;stroke:black;" points="160,-120.5 130,-120.5 130,-99.5 160,-99.5 160,-120.5"/>
<text text-anchor="middle" x="145" y="-107" style="font-family:Arial;font-size:10.00;">pie</text>
</g>
<!-- R_topopie_distr&#45;&gt;R_topoWORKFLOWINTERNALSINK_pie -->
<g id="edge31" class="edge"><title>R_topopie_distr&#45;&gt;R_topoWORKFLOWINTERNALSINK_pie</title>
<path style="fill:none;stroke:black;" d="M159,-174C157,-163 152,-145 149,-131"/>
<polygon style="fill:black;stroke:black;" points="152.393,-130.119 147,-121 145.529,-131.492 152.393,-130.119"/>
</g>
<!-- R_topoWORKFLOWINTERNALSINK_bar -->
<g id="node46" class="node"><title>R_topoWORKFLOWINTERNALSINK_bar</title>
<polygon style="fill:#bcd2ee;stroke:black;" points="80,-120.5 50,-120.5 50,-99.5 80,-99.5 80,-120.5"/>
<text text-anchor="middle" x="65" y="-107" style="font-family:Arial;font-size:10.00;">bar</text>
</g>
<!-- R_topobarplot&#45;&gt;R_topoWORKFLOWINTERNALSINK_bar -->
<g id="edge27" class="edge"><title>R_topobarplot&#45;&gt;R_topoWORKFLOWINTERNALSINK_bar</title>
<path style="fill:none;stroke:black;" d="M59,-174C60,-163 62,-145 63,-131"/>
<polygon style="fill:black;stroke:black;" points="66.4875,-131.299 64,-121 59.5222,-130.602 66.4875,-131.299"/>
</g>
<!-- R_topoWORKFLOWINTERNALSINK_n_list -->
<g id="node47" class="node"><title>R_topoWORKFLOWINTERNALSINK_n_list</title>
<polygon style="fill:#bcd2ee;stroke:black;" points="126,-120.5 84,-120.5 84,-99.5 126,-99.5 126,-120.5"/>
<text text-anchor="middle" x="105" y="-107" style="font-family:Arial;font-size:10.00;">n_list</text>
</g>
<!-- R_topon_list&#45;&gt;R_topoWORKFLOWINTERNALSINK_n_list -->
<g id="edge29" class="edge"><title>R_topon_list&#45;&gt;R_topoWORKFLOWINTERNALSINK_n_list</title>
<path style="fill:none;stroke:black;" d="M107,-174C106,-163 106,-145 106,-131"/>
<polygon style="fill:black;stroke:black;" points="109.478,-130.602 105,-121 102.512,-131.299 109.478,-130.602"/>
</g>
<!-- R_topoWORKFLOWINTERNALSOURCECONTROL -->
<g id="node41" class="node"><title>R_topoWORKFLOWINTERNALSOURCECONTROL</title>
<polygon style="fill:#ff4040;stroke:black;" points="165,-289 158,-278.5 172,-278.5 165,-289"/>
</g>
<!-- R_topoWORKFLOWINTERNALSOURCE_i&#45;&gt;R_topodelist_strings -->
<g id="edge23" class="edge"><title>R_topoWORKFLOWINTERNALSOURCE_i&#45;&gt;R_topodelist_strings</title>
<path style="fill:none;stroke:black;" d="M131,-271C131,-269 131,-267 131,-265"/>
<polygon style="fill:black;stroke:black;" points="134.393,-264.119 129,-255 127.529,-265.492 134.393,-264.119"/>
</g>
<!-- R_topoWORKFLOWINTERNALSINKCONTROL -->
<g id="node44" class="node"><title>R_topoWORKFLOWINTERNALSINKCONTROL</title>
<polygon style="fill:#66cd00;stroke:black;" points="171,-103 178,-113.5 164,-113.5 171,-103"/>
</g>
<!-- WORKFLOWINTERNALSINK_topo_pie -->
<g id="node197" class="node"><title>WORKFLOWINTERNALSINK_topo_pie</title>
<polygon style="fill:#bcd2ee;stroke:black;" points="190,-45.5 134,-45.5 134,-24.5 190,-24.5 190,-45.5"/>
<text text-anchor="middle" x="162" y="-32" style="font-family:Arial;font-size:10.00;">topo_pie</text>
</g>
<!-- R_topoWORKFLOWINTERNALSINK_pie&#45;&gt;WORKFLOWINTERNALSINK_topo_pie -->
<g id="edge229" class="edge"><title>R_topoWORKFLOWINTERNALSINK_pie&#45;&gt;WORKFLOWINTERNALSINK_topo_pie</title>
<path style="fill:none;stroke:black;" d="M147,-99C149,-88 154,-70 157,-56"/>
<polygon style="fill:black;stroke:black;" points="160.479,-56.584 160,-46 153.774,-54.5725 160.479,-56.584"/>
</g>
<!-- WORKFLOWINTERNALSINK_topo_bar -->
<g id="node196" class="node"><title>WORKFLOWINTERNALSINK_topo_bar</title>
<polygon style="fill:#bcd2ee;stroke:black;" points="72,-45.5 16,-45.5 16,-24.5 72,-24.5 72,-45.5"/>
<text text-anchor="middle" x="44" y="-32" style="font-family:Arial;font-size:10.00;">topo_bar</text>
</g>
<!-- R_topoWORKFLOWINTERNALSINK_bar&#45;&gt;WORKFLOWINTERNALSINK_topo_bar -->
<g id="edge225" class="edge"><title>R_topoWORKFLOWINTERNALSINK_bar&#45;&gt;WORKFLOWINTERNALSINK_topo_bar</title>
<path style="fill:none;stroke:black;" d="M62,-99C59,-88 54,-70 50,-56"/>
<polygon style="fill:black;stroke:black;" points="53.2259,-54.5725 47,-46 46.5212,-56.584 53.2259,-54.5725"/>
</g>
<!-- WORKFLOWINTERNALSINK_topo_list -->
<g id="node202" class="node"><title>WORKFLOWINTERNALSINK_topo_list</title>
<polygon style="fill:#bcd2ee;stroke:black;" points="130,-45.5 76,-45.5 76,-24.5 130,-24.5 130,-45.5"/>
<text text-anchor="middle" x="103" y="-32" style="font-family:Arial;font-size:10.00;">topo_list</text>
</g>
<!-- R_topoWORKFLOWINTERNALSINK_n_list&#45;&gt;WORKFLOWINTERNALSINK_topo_list -->
<g id="edge227" class="edge"><title>R_topoWORKFLOWINTERNALSINK_n_list&#45;&gt;WORKFLOWINTERNALSINK_topo_list</title>
<path style="fill:none;stroke:black;" d="M105,-99C104,-88 104,-70 104,-56"/>
<polygon style="fill:black;stroke:black;" points="107.478,-55.6021 103,-46 100.512,-56.2987 107.478,-55.6021"/>
</g>
<!-- R_typedelist_strings -->
<g id="node56" class="node"><title>R_typedelist_strings</title>
<polygon style="fill:#d15fee;stroke:black;" points="462,-254.5 382,-254.5 382,-233.5 462,-233.5 462,-254.5"/>
<text text-anchor="middle" x="422" y="-241" style="font-family:Arial;font-size:10.00;">delist_strings</text>
</g>
<!-- R_typen_list -->
<g id="node57" class="node"><title>R_typen_list</title>
<polygon style="fill:lightgoldenrodyellow;stroke:black;" points="389,-195.5 347,-195.5 347,-174.5 389,-174.5 389,-195.5"/>
<text text-anchor="middle" x="368" y="-182" style="font-family:Arial;font-size:10.00;">n_list</text>
</g>
<!-- R_typedelist_strings&#45;&gt;R_typen_list -->
<g id="edge42" class="edge"><title>R_typedelist_strings&#45;&gt;R_typen_list</title>
<path style="fill:none;stroke:black;" d="M403,-233C400,-231 396,-228 393,-225 388,-219 383,-212 379,-205"/>
<polygon style="fill:black;stroke:black;" points="381.459,-202.379 373,-196 375.635,-206.262 381.459,-202.379"/>
</g>
<!-- R_typepie_distr -->
<g id="node58" class="node"><title>R_typepie_distr</title>
<polygon style="fill:lightgoldenrodyellow;stroke:black;" points="451,-195.5 393,-195.5 393,-174.5 451,-174.5 451,-195.5"/>
<text text-anchor="middle" x="422" y="-182" style="font-family:Arial;font-size:10.00;">pie_distr</text>
</g>
<!-- R_typedelist_strings&#45;&gt;R_typepie_distr -->
<g id="edge38" class="edge"><title>R_typedelist_strings&#45;&gt;R_typepie_distr</title>
<path style="fill:none;stroke:black;" d="M422,-233C422,-225 422,-215 422,-206"/>
<polygon style="fill:black;stroke:black;" points="425.5,-206 422,-196 418.5,-206 425.5,-206"/>
</g>
<!-- R_typebarplot -->
<g id="node59" class="node"><title>R_typebarplot</title>
<polygon style="fill:lightgoldenrodyellow;stroke:black;" points="503,-195.5 455,-195.5 455,-174.5 503,-174.5 503,-195.5"/>
<text text-anchor="middle" x="479" y="-182" style="font-family:Arial;font-size:10.00;">barplot</text>
</g>
<!-- R_typedelist_strings&#45;&gt;R_typebarplot -->
<g id="edge36" class="edge"><title>R_typedelist_strings&#45;&gt;R_typebarplot</title>
<path style="fill:none;stroke:black;" d="M440,-233C444,-231 448,-228 451,-225 457,-219 463,-211 467,-204"/>
<polygon style="fill:black;stroke:black;" points="469.8,-206.1 473,-196 464.2,-201.9 469.8,-206.1"/>
</g>
<!-- R_typeWORKFLOWINTERNALSINK_n_list -->
<g id="node67" class="node"><title>R_typeWORKFLOWINTERNALSINK_n_list</title>
<polygon style="fill:#bcd2ee;stroke:black;" points="403,-120.5 361,-120.5 361,-99.5 403,-99.5 403,-120.5"/>
<text text-anchor="middle" x="382" y="-107" style="font-family:Arial;font-size:10.00;">n_list</text>
</g>
<!-- R_typen_list&#45;&gt;R_typeWORKFLOWINTERNALSINK_n_list -->
<g id="edge46" class="edge"><title>R_typen_list&#45;&gt;R_typeWORKFLOWINTERNALSINK_n_list</title>
<path style="fill:none;stroke:black;" d="M370,-174C372,-163 375,-145 378,-131"/>
<polygon style="fill:black;stroke:black;" points="381.471,-131.492 380,-121 374.607,-130.119 381.471,-131.492"/>
</g>
<!-- R_typeWORKFLOWINTERNALSINK_pie -->
<g id="node65" class="node"><title>R_typeWORKFLOWINTERNALSINK_pie</title>
<polygon style="fill:#bcd2ee;stroke:black;" points="437,-120.5 407,-120.5 407,-99.5 437,-99.5 437,-120.5"/>
<text text-anchor="middle" x="422" y="-107" style="font-family:Arial;font-size:10.00;">pie</text>
</g>
<!-- R_typepie_distr&#45;&gt;R_typeWORKFLOWINTERNALSINK_pie -->
<g id="edge48" class="edge"><title>R_typepie_distr&#45;&gt;R_typeWORKFLOWINTERNALSINK_pie</title>
<path style="fill:none;stroke:black;" d="M422,-174C422,-163 422,-145 422,-131"/>
<polygon style="fill:black;stroke:black;" points="425.5,-131 422,-121 418.5,-131 425.5,-131"/>
</g>
<!-- R_typeWORKFLOWINTERNALSINK_bar -->
<g id="node66" class="node"><title>R_typeWORKFLOWINTERNALSINK_bar</title>
<polygon style="fill:#bcd2ee;stroke:black;" points="471,-120.5 441,-120.5 441,-99.5 471,-99.5 471,-120.5"/>
<text text-anchor="middle" x="456" y="-107" style="font-family:Arial;font-size:10.00;">bar</text>
</g>
<!-- R_typebarplot&#45;&gt;R_typeWORKFLOWINTERNALSINK_bar -->
<g id="edge44" class="edge"><title>R_typebarplot&#45;&gt;R_typeWORKFLOWINTERNALSINK_bar</title>
<path style="fill:none;stroke:black;" d="M476,-174C472,-163 467,-145 462,-131"/>
<polygon style="fill:black;stroke:black;" points="465.226,-129.573 459,-121 458.521,-131.584 465.226,-129.573"/>
</g>
<!-- R_typeWORKFLOWINTERNALSOURCECONTROL -->
<g id="node61" class="node"><title>R_typeWORKFLOWINTERNALSOURCECONTROL</title>
<polygon style="fill:#ff4040;stroke:black;" points="451,-289 444,-278.5 458,-278.5 451,-289"/>
</g>
<!-- R_typeWORKFLOWINTERNALSOURCE_i&#45;&gt;R_typedelist_strings -->
<g id="edge40" class="edge"><title>R_typeWORKFLOWINTERNALSOURCE_i&#45;&gt;R_typedelist_strings</title>
<path style="fill:none;stroke:black;" d="M422,-271C422,-269 422,-267 422,-265"/>
<polygon style="fill:black;stroke:black;" points="425.5,-265 422,-255 418.5,-265 425.5,-265"/>
</g>
<!-- R_typeWORKFLOWINTERNALSINKCONTROL -->
<g id="node64" class="node"><title>R_typeWORKFLOWINTERNALSINKCONTROL</title>
<polygon style="fill:#66cd00;stroke:black;" points="482,-103 489,-113.5 475,-113.5 482,-103"/>
</g>
<!-- WORKFLOWINTERNALSINK_pie_type -->
<g id="node200" class="node"><title>WORKFLOWINTERNALSINK_pie_type</title>
<polygon style="fill:#bcd2ee;stroke:black;" points="450,-45.5 394,-45.5 394,-24.5 450,-24.5 450,-45.5"/>
<text text-anchor="middle" x="422" y="-32" style="font-family:Arial;font-size:10.00;">pie_type</text>
</g>
<!-- R_typeWORKFLOWINTERNALSINK_pie&#45;&gt;WORKFLOWINTERNALSINK_pie_type -->
<g id="edge235" class="edge"><title>R_typeWORKFLOWINTERNALSINK_pie&#45;&gt;WORKFLOWINTERNALSINK_pie_type</title>
<path style="fill:none;stroke:black;" d="M422,-99C422,-88 422,-70 422,-56"/>
<polygon style="fill:black;stroke:black;" points="425.5,-56 422,-46 418.5,-56 425.5,-56"/>
</g>
<!-- WORKFLOWINTERNALSINK_bar_type -->
<g id="node199" class="node"><title>WORKFLOWINTERNALSINK_bar_type</title>
<polygon style="fill:#bcd2ee;stroke:black;" points="510,-45.5 454,-45.5 454,-24.5 510,-24.5 510,-45.5"/>
<text text-anchor="middle" x="482" y="-32" style="font-family:Arial;font-size:10.00;">bar_type</text>
</g>
<!-- R_typeWORKFLOWINTERNALSINK_bar&#45;&gt;WORKFLOWINTERNALSINK_bar_type -->
<g id="edge231" class="edge"><title>R_typeWORKFLOWINTERNALSINK_bar&#45;&gt;WORKFLOWINTERNALSINK_bar_type</title>
<path style="fill:none;stroke:black;" d="M460,-99C464,-88 470,-70 475,-56"/>
<polygon style="fill:black;stroke:black;" points="478.479,-56.584 478,-46 471.774,-54.5725 478.479,-56.584"/>
</g>
<!-- WORKFLOWINTERNALSINK_type_list -->
<g id="node201" class="node"><title>WORKFLOWINTERNALSINK_type_list</title>
<polygon style="fill:#bcd2ee;stroke:black;" points="390,-45.5 334,-45.5 334,-24.5 390,-24.5 390,-45.5"/>
<text text-anchor="middle" x="362" y="-32" style="font-family:Arial;font-size:10.00;">type_list</text>
</g>
<!-- R_typeWORKFLOWINTERNALSINK_n_list&#45;&gt;WORKFLOWINTERNALSINK_type_list -->
<g id="edge233" class="edge"><title>R_typeWORKFLOWINTERNALSINK_n_list&#45;&gt;WORKFLOWINTERNALSINK_type_list</title>
<path style="fill:none;stroke:black;" d="M379,-99C377,-88 372,-70 368,-56"/>
<polygon style="fill:black;stroke:black;" points="371.226,-54.5725 365,-46 364.521,-56.584 371.226,-54.5725"/>
</g>
<!-- R_effectdelist_strings -->
<g id="node76" class="node"><title>R_effectdelist_strings</title>
<polygon style="fill:#d15fee;stroke:black;" points="756,-254.5 676,-254.5 676,-233.5 756,-233.5 756,-254.5"/>
<text text-anchor="middle" x="716" y="-241" style="font-family:Arial;font-size:10.00;">delist_strings</text>
</g>
<!-- R_effectn_list -->
<g id="node77" class="node"><title>R_effectn_list</title>
<polygon style="fill:lightgoldenrodyellow;stroke:black;" points="688,-195.5 646,-195.5 646,-174.5 688,-174.5 688,-195.5"/>
<text text-anchor="middle" x="667" y="-182" style="font-family:Arial;font-size:10.00;">n_list</text>
</g>
<!-- R_effectdelist_strings&#45;&gt;R_effectn_list -->
<g id="edge59" class="edge"><title>R_effectdelist_strings&#45;&gt;R_effectn_list</title>
<path style="fill:none;stroke:black;" d="M701,-233C698,-231 695,-228 692,-225 687,-219 682,-212 678,-205"/>
<polygon style="fill:black;stroke:black;" points="680.916,-203.042 673,-196 674.797,-206.441 680.916,-203.042"/>
</g>
<!-- R_effectbarplot -->
<g id="node78" class="node"><title>R_effectbarplot</title>
<polygon style="fill:lightgoldenrodyellow;stroke:black;" points="740,-195.5 692,-195.5 692,-174.5 740,-174.5 740,-195.5"/>
<text text-anchor="middle" x="716" y="-182" style="font-family:Arial;font-size:10.00;">barplot</text>
</g>
<!-- R_effectdelist_strings&#45;&gt;R_effectbarplot -->
<g id="edge53" class="edge"><title>R_effectdelist_strings&#45;&gt;R_effectbarplot</title>
<path style="fill:none;stroke:black;" d="M716,-233C716,-225 716,-215 716,-206"/>
<polygon style="fill:black;stroke:black;" points="719.5,-206 716,-196 712.5,-206 719.5,-206"/>
</g>
<!-- R_effectpie_distr -->
<g id="node79" class="node"><title>R_effectpie_distr</title>
<polygon style="fill:lightgoldenrodyellow;stroke:black;" points="802,-195.5 744,-195.5 744,-174.5 802,-174.5 802,-195.5"/>
<text text-anchor="middle" x="773" y="-182" style="font-family:Arial;font-size:10.00;">pie_distr</text>
</g>
<!-- R_effectdelist_strings&#45;&gt;R_effectpie_distr -->
<g id="edge55" class="edge"><title>R_effectdelist_strings&#45;&gt;R_effectpie_distr</title>
<path style="fill:none;stroke:black;" d="M730,-233C734,-231 737,-228 740,-225 747,-218 753,-211 759,-204"/>
<polygon style="fill:black;stroke:black;" points="761.8,-206.1 765,-196 756.2,-201.9 761.8,-206.1"/>
</g>
<!-- R_effectWORKFLOWINTERNALSINK_n_list -->
<g id="node87" class="node"><title>R_effectWORKFLOWINTERNALSINK_n_list</title>
<polygon style="fill:#bcd2ee;stroke:black;" points="696,-120.5 654,-120.5 654,-99.5 696,-99.5 696,-120.5"/>
<text text-anchor="middle" x="675" y="-107" style="font-family:Arial;font-size:10.00;">n_list</text>
</g>
<!-- R_effectn_list&#45;&gt;R_effectWORKFLOWINTERNALSINK_n_list -->
<g id="edge63" class="edge"><title>R_effectn_list&#45;&gt;R_effectWORKFLOWINTERNALSINK_n_list</title>
<path style="fill:none;stroke:black;" d="M668,-174C669,-163 671,-145 673,-131"/>
<polygon style="fill:black;stroke:black;" points="676.488,-131.299 674,-121 669.522,-130.602 676.488,-131.299"/>
</g>
<!-- R_effectWORKFLOWINTERNALSINK_bar -->
<g id="node86" class="node"><title>R_effectWORKFLOWINTERNALSINK_bar</title>
<polygon style="fill:#bcd2ee;stroke:black;" points="730,-120.5 700,-120.5 700,-99.5 730,-99.5 730,-120.5"/>
<text text-anchor="middle" x="715" y="-107" style="font-family:Arial;font-size:10.00;">bar</text>
</g>
<!-- R_effectbarplot&#45;&gt;R_effectWORKFLOWINTERNALSINK_bar -->
<g id="edge61" class="edge"><title>R_effectbarplot&#45;&gt;R_effectWORKFLOWINTERNALSINK_bar</title>
<path style="fill:none;stroke:black;" d="M716,-174C716,-163 716,-145 716,-131"/>
<polygon style="fill:black;stroke:black;" points="719.478,-130.602 715,-121 712.512,-131.299 719.478,-130.602"/>
</g>
<!-- R_effectWORKFLOWINTERNALSINK_pie -->
<g id="node85" class="node"><title>R_effectWORKFLOWINTERNALSINK_pie</title>
<polygon style="fill:#bcd2ee;stroke:black;" points="764,-120.5 734,-120.5 734,-99.5 764,-99.5 764,-120.5"/>
<text text-anchor="middle" x="749" y="-107" style="font-family:Arial;font-size:10.00;">pie</text>
</g>
<!-- R_effectpie_distr&#45;&gt;R_effectWORKFLOWINTERNALSINK_pie -->
<g id="edge65" class="edge"><title>R_effectpie_distr&#45;&gt;R_effectWORKFLOWINTERNALSINK_pie</title>
<path style="fill:none;stroke:black;" d="M770,-174C766,-163 760,-145 755,-131"/>
<polygon style="fill:black;stroke:black;" points="758.226,-129.573 752,-121 751.521,-131.584 758.226,-129.573"/>
</g>
<!-- R_effectWORKFLOWINTERNALSOURCECONTROL -->
<g id="node81" class="node"><title>R_effectWORKFLOWINTERNALSOURCECONTROL</title>
<polygon style="fill:#ff4040;stroke:black;" points="745,-289 738,-278.5 752,-278.5 745,-289"/>
</g>
<!-- R_effectWORKFLOWINTERNALSOURCE_i&#45;&gt;R_effectdelist_strings -->
<g id="edge57" class="edge"><title>R_effectWORKFLOWINTERNALSOURCE_i&#45;&gt;R_effectdelist_strings</title>
<path style="fill:none;stroke:black;" d="M716,-271C716,-269 716,-267 716,-265"/>
<polygon style="fill:black;stroke:black;" points="719.5,-265 716,-255 712.5,-265 719.5,-265"/>
</g>
<!-- R_effectWORKFLOWINTERNALSINKCONTROL -->
<g id="node84" class="node"><title>R_effectWORKFLOWINTERNALSINKCONTROL</title>
<polygon style="fill:#66cd00;stroke:black;" points="775,-103 782,-113.5 768,-113.5 775,-103"/>
</g>
<!-- WORKFLOWINTERNALSINK_effect_pie -->
<g id="node203" class="node"><title>WORKFLOWINTERNALSINK_effect_pie</title>
<polygon style="fill:#bcd2ee;stroke:black;" points="790,-45.5 728,-45.5 728,-24.5 790,-24.5 790,-45.5"/>
<text text-anchor="middle" x="759" y="-32" style="font-family:Arial;font-size:10.00;">effect_pie</text>
</g>
<!-- R_effectWORKFLOWINTERNALSINK_pie&#45;&gt;WORKFLOWINTERNALSINK_effect_pie -->
<g id="edge211" class="edge"><title>R_effectWORKFLOWINTERNALSINK_pie&#45;&gt;WORKFLOWINTERNALSINK_effect_pie</title>
<path style="fill:none;stroke:black;" d="M750,-99C752,-88 754,-70 757,-56"/>
<polygon style="fill:black;stroke:black;" points="760.488,-56.2987 758,-46 753.522,-55.6021 760.488,-56.2987"/>
</g>
<!-- WORKFLOWINTERNALSINK_effect_bar -->
<g id="node204" class="node"><title>WORKFLOWINTERNALSINK_effect_bar</title>
<polygon style="fill:#bcd2ee;stroke:black;" points="724,-45.5 662,-45.5 662,-24.5 724,-24.5 724,-45.5"/>
<text text-anchor="middle" x="693" y="-32" style="font-family:Arial;font-size:10.00;">effect_bar</text>
</g>
<!-- R_effectWORKFLOWINTERNALSINK_bar&#45;&gt;WORKFLOWINTERNALSINK_effect_bar -->
<g id="edge207" class="edge"><title>R_effectWORKFLOWINTERNALSINK_bar&#45;&gt;WORKFLOWINTERNALSINK_effect_bar</title>
<path style="fill:none;stroke:black;" d="M712,-99C709,-88 703,-70 699,-56"/>
<polygon style="fill:black;stroke:black;" points="702.226,-54.5725 696,-46 695.521,-56.584 702.226,-54.5725"/>
</g>
<!-- WORKFLOWINTERNALSINK_effect_list -->
<g id="node205" class="node"><title>WORKFLOWINTERNALSINK_effect_list</title>
<polygon style="fill:#bcd2ee;stroke:black;" points="658,-45.5 596,-45.5 596,-24.5 658,-24.5 658,-45.5"/>
<text text-anchor="middle" x="627" y="-32" style="font-family:Arial;font-size:10.00;">effect_list</text>
</g>
<!-- R_effectWORKFLOWINTERNALSINK_n_list&#45;&gt;WORKFLOWINTERNALSINK_effect_list -->
<g id="edge209" class="edge"><title>R_effectWORKFLOWINTERNALSINK_n_list&#45;&gt;WORKFLOWINTERNALSINK_effect_list</title>
<path style="fill:none;stroke:black;" d="M668,-99C661,-88 649,-69 639,-54"/>
<polygon style="fill:black;stroke:black;" points="642.268,-52.625 634,-46 636.332,-56.335 642.268,-52.625"/>
</g>
<!-- R_exondelist_numbers -->
<g id="node96" class="node"><title>R_exondelist_numbers</title>
<polygon style="fill:#d15fee;stroke:black;" points="1336,-254.5 1246,-254.5 1246,-233.5 1336,-233.5 1336,-254.5"/>
<text text-anchor="middle" x="1291" y="-241" style="font-family:Arial;font-size:10.00;">delist_numbers</text>
</g>
<!-- R_exonhist_distr -->
<g id="node97" class="node"><title>R_exonhist_distr</title>
<polygon style="fill:lightgoldenrodyellow;stroke:black;" points="1162,-195.5 1102,-195.5 1102,-174.5 1162,-174.5 1162,-195.5"/>
<text text-anchor="middle" x="1132" y="-182" style="font-family:Arial;font-size:10.00;">hist_distr</text>
</g>
<!-- R_exondelist_numbers&#45;&gt;R_exonhist_distr -->
<g id="edge70" class="edge"><title>R_exondelist_numbers&#45;&gt;R_exonhist_distr</title>
<path style="fill:none;stroke:black;" d="M1246,-234C1245,-233 1243,-233 1242,-233 1226,-230 1182,-232 1166,-225 1157,-220 1150,-212 1144,-204"/>
<polygon style="fill:black;stroke:black;" points="1146.8,-201.9 1138,-196 1141.2,-206.1 1146.8,-201.9"/>
</g>
<!-- R_exonplot_distribution -->
<g id="node98" class="node"><title>R_exonplot_distribution</title>
<polygon style="fill:lightgoldenrodyellow;stroke:black;" points="1258,-195.5 1166,-195.5 1166,-174.5 1258,-174.5 1258,-195.5"/>
<text text-anchor="middle" x="1212" y="-182" style="font-family:Arial;font-size:10.00;">plot_distribution</text>
</g>
<!-- R_exondelist_numbers&#45;&gt;R_exonplot_distribution -->
<g id="edge78" class="edge"><title>R_exondelist_numbers&#45;&gt;R_exonplot_distribution</title>
<path style="fill:none;stroke:black;" d="M1274,-233C1270,-231 1266,-228 1262,-225 1252,-217 1242,-209 1233,-202"/>
<polygon style="fill:black;stroke:black;" points="1235.1,-199.2 1225,-196 1230.9,-204.8 1235.1,-199.2"/>
</g>
<!-- R_exonpie_distr -->
<g id="node99" class="node"><title>R_exonpie_distr</title>
<polygon style="fill:lightgoldenrodyellow;stroke:black;" points="1320,-195.5 1262,-195.5 1262,-174.5 1320,-174.5 1320,-195.5"/>
<text text-anchor="middle" x="1291" y="-182" style="font-family:Arial;font-size:10.00;">pie_distr</text>
</g>
<!-- R_exondelist_numbers&#45;&gt;R_exonpie_distr -->
<g id="edge76" class="edge"><title>R_exondelist_numbers&#45;&gt;R_exonpie_distr</title>
<path style="fill:none;stroke:black;" d="M1291,-233C1291,-225 1291,-215 1291,-206"/>
<polygon style="fill:black;stroke:black;" points="1294.5,-206 1291,-196 1287.5,-206 1294.5,-206"/>
</g>
<!-- R_exonbarplot -->
<g id="node100" class="node"><title>R_exonbarplot</title>
<polygon style="fill:lightgoldenrodyellow;stroke:black;" points="1372,-195.5 1324,-195.5 1324,-174.5 1372,-174.5 1372,-195.5"/>
<text text-anchor="middle" x="1348" y="-182" style="font-family:Arial;font-size:10.00;">barplot</text>
</g>
<!-- R_exondelist_numbers&#45;&gt;R_exonbarplot -->
<g id="edge84" class="edge"><title>R_exondelist_numbers&#45;&gt;R_exonbarplot</title>
<path style="fill:none;stroke:black;" d="M1309,-233C1313,-231 1317,-228 1320,-225 1326,-219 1332,-211 1336,-204"/>
<polygon style="fill:black;stroke:black;" points="1338.8,-206.1 1342,-196 1333.2,-201.9 1338.8,-206.1"/>
</g>
<!-- R_exonlog_plot -->
<g id="node101" class="node"><title>R_exonlog_plot</title>
<polygon style="fill:lightgoldenrodyellow;stroke:black;" points="1428,-195.5 1376,-195.5 1376,-174.5 1428,-174.5 1428,-195.5"/>
<text text-anchor="middle" x="1402" y="-182" style="font-family:Arial;font-size:10.00;">log_plot</text>
</g>
<!-- R_exondelist_numbers&#45;&gt;R_exonlog_plot -->
<g id="edge72" class="edge"><title>R_exondelist_numbers&#45;&gt;R_exonlog_plot</title>
<path style="fill:none;stroke:black;" d="M1336,-236C1351,-233 1366,-229 1372,-225 1380,-219 1386,-212 1392,-205"/>
<polygon style="fill:black;stroke:black;" points="1395.2,-206.441 1397,-196 1389.08,-203.042 1395.2,-206.441"/>
</g>
<!-- R_exonoutput_points -->
<g id="node102" class="node"><title>R_exonoutput_points</title>
<polygon style="fill:lightgoldenrodyellow;stroke:black;" points="1510,-195.5 1432,-195.5 1432,-174.5 1510,-174.5 1510,-195.5"/>
<text text-anchor="middle" x="1471" y="-182" style="font-family:Arial;font-size:10.00;">output_points</text>
</g>
<!-- R_exondelist_numbers&#45;&gt;R_exonoutput_points -->
<g id="edge74" class="edge"><title>R_exondelist_numbers&#45;&gt;R_exonoutput_points</title>
<path style="fill:none;stroke:black;" d="M1336,-241C1370,-238 1413,-232 1428,-225 1438,-220 1448,-211 1456,-203"/>
<polygon style="fill:black;stroke:black;" points="1458.4,-205.546 1463,-196 1453.45,-200.596 1458.4,-205.546"/>
</g>
<!-- R_exonWORKFLOWINTERNALSINK_hist -->
<g id="node111" class="node"><title>R_exonWORKFLOWINTERNALSINK_hist</title>
<polygon style="fill:#bcd2ee;stroke:black;" points="1206,-120.5 1174,-120.5 1174,-99.5 1206,-99.5 1206,-120.5"/>
<text text-anchor="middle" x="1190" y="-107" style="font-family:Arial;font-size:10.00;">hist</text>
</g>
<!-- R_exonhist_distr&#45;&gt;R_exonWORKFLOWINTERNALSINK_hist -->
<g id="edge86" class="edge"><title>R_exonhist_distr&#45;&gt;R_exonWORKFLOWINTERNALSINK_hist</title>
<path style="fill:none;stroke:black;" d="M1146,-174C1154,-168 1163,-159 1170,-150 1175,-144 1178,-137 1181,-130"/>
<polygon style="fill:black;stroke:black;" points="1184.2,-131.441 1186,-121 1178.08,-128.042 1184.2,-131.441"/>
</g>
<!-- R_exonWORKFLOWINTERNALSINK_DistributionPlot -->
<g id="node108" class="node"><title>R_exonWORKFLOWINTERNALSINK_DistributionPlot</title>
<polygon style="fill:#bcd2ee;stroke:black;" points="1296,-120.5 1210,-120.5 1210,-99.5 1296,-99.5 1296,-120.5"/>
<text text-anchor="middle" x="1253" y="-107" style="font-family:Arial;font-size:10.00;">DistributionPlot</text>
</g>
<!-- R_exonplot_distribution&#45;&gt;R_exonWORKFLOWINTERNALSINK_DistributionPlot -->
<g id="edge94" class="edge"><title>R_exonplot_distribution&#45;&gt;R_exonWORKFLOWINTERNALSINK_DistributionPlot</title>
<path style="fill:none;stroke:black;" d="M1218,-174C1224,-163 1234,-144 1242,-130"/>
<polygon style="fill:black;stroke:black;" points="1245.2,-131.441 1247,-121 1239.08,-128.042 1245.2,-131.441"/>
</g>
<!-- R_exonWORKFLOWINTERNALSINK_pie -->
<g id="node112" class="node"><title>R_exonWORKFLOWINTERNALSINK_pie</title>
<polygon style="fill:#bcd2ee;stroke:black;" points="1330,-120.5 1300,-120.5 1300,-99.5 1330,-99.5 1330,-120.5"/>
<text text-anchor="middle" x="1315" y="-107" style="font-family:Arial;font-size:10.00;">pie</text>
</g>
<!-- R_exonpie_distr&#45;&gt;R_exonWORKFLOWINTERNALSINK_pie -->
<g id="edge92" class="edge"><title>R_exonpie_distr&#45;&gt;R_exonWORKFLOWINTERNALSINK_pie</title>
<path style="fill:none;stroke:black;" d="M1294,-174C1298,-163 1304,-145 1309,-131"/>
<polygon style="fill:black;stroke:black;" points="1312.48,-131.584 1312,-121 1305.77,-129.573 1312.48,-131.584"/>
</g>
<!-- R_exonWORKFLOWINTERNALSINK_bar -->
<g id="node113" class="node"><title>R_exonWORKFLOWINTERNALSINK_bar</title>
<polygon style="fill:#bcd2ee;stroke:black;" points="1364,-120.5 1334,-120.5 1334,-99.5 1364,-99.5 1364,-120.5"/>
<text text-anchor="middle" x="1349" y="-107" style="font-family:Arial;font-size:10.00;">bar</text>
</g>
<!-- R_exonbarplot&#45;&gt;R_exonWORKFLOWINTERNALSINK_bar -->
<g id="edge82" class="edge"><title>R_exonbarplot&#45;&gt;R_exonWORKFLOWINTERNALSINK_bar</title>
<path style="fill:none;stroke:black;" d="M1348,-174C1348,-163 1348,-145 1348,-131"/>
<polygon style="fill:black;stroke:black;" points="1351.49,-131.299 1349,-121 1344.52,-130.602 1351.49,-131.299"/>
</g>
<!-- R_exonWORKFLOWINTERNALSINK_LogPlot -->
<g id="node109" class="node"><title>R_exonWORKFLOWINTERNALSINK_LogPlot</title>
<polygon style="fill:#bcd2ee;stroke:black;" points="1418,-120.5 1368,-120.5 1368,-99.5 1418,-99.5 1418,-120.5"/>
<text text-anchor="middle" x="1393" y="-107" style="font-family:Arial;font-size:10.00;">LogPlot</text>
</g>
<!-- R_exonlog_plot&#45;&gt;R_exonWORKFLOWINTERNALSINK_LogPlot -->
<g id="edge88" class="edge"><title>R_exonlog_plot&#45;&gt;R_exonWORKFLOWINTERNALSINK_LogPlot</title>
<path style="fill:none;stroke:black;" d="M1401,-174C1399,-163 1397,-145 1395,-131"/>
<polygon style="fill:black;stroke:black;" points="1398.48,-130.602 1394,-121 1391.51,-131.299 1398.48,-130.602"/>
</g>
<!-- R_exonWORKFLOWINTERNALSINK_PointList -->
<g id="node110" class="node"><title>R_exonWORKFLOWINTERNALSINK_PointList</title>
<polygon style="fill:#bcd2ee;stroke:black;" points="1478,-120.5 1422,-120.5 1422,-99.5 1478,-99.5 1478,-120.5"/>
<text text-anchor="middle" x="1450" y="-107" style="font-family:Arial;font-size:10.00;">PointList</text>
</g>
<!-- R_exonoutput_points&#45;&gt;R_exonWORKFLOWINTERNALSINK_PointList -->
<g id="edge90" class="edge"><title>R_exonoutput_points&#45;&gt;R_exonWORKFLOWINTERNALSINK_PointList</title>
<path style="fill:none;stroke:black;" d="M1468,-174C1465,-163 1460,-145 1456,-131"/>
<polygon style="fill:black;stroke:black;" points="1459.23,-129.573 1453,-121 1452.52,-131.584 1459.23,-129.573"/>
</g>
<!-- R_exonWORKFLOWINTERNALSOURCECONTROL -->
<g id="node104" class="node"><title>R_exonWORKFLOWINTERNALSOURCECONTROL</title>
<polygon style="fill:#ff4040;stroke:black;" points="1252,-289 1245,-278.5 1259,-278.5 1252,-289"/>
</g>
<!-- R_exonWORKFLOWINTERNALSOURCE_i&#45;&gt;R_exondelist_numbers -->
<g id="edge80" class="edge"><title>R_exonWORKFLOWINTERNALSOURCE_i&#45;&gt;R_exondelist_numbers</title>
<path style="fill:none;stroke:black;" d="M1232,-272C1235,-268 1239,-265 1243,-263 1245,-262 1247,-260 1250,-259"/>
<polygon style="fill:black;stroke:black;" points="1251.28,-262.26 1259,-255 1248.44,-255.863 1251.28,-262.26"/>
</g>
<!-- R_exonWORKFLOWINTERNALSINKCONTROL -->
<g id="node107" class="node"><title>R_exonWORKFLOWINTERNALSINKCONTROL</title>
<polygon style="fill:#66cd00;stroke:black;" points="1489,-103 1496,-113.5 1482,-113.5 1489,-103"/>
</g>
<!-- WORKFLOWINTERNALSINK_Exons_distr -->
<g id="node190" class="node"><title>WORKFLOWINTERNALSINK_Exons_distr</title>
<polygon style="fill:#bcd2ee;stroke:black;" points="1280,-45.5 1210,-45.5 1210,-24.5 1280,-24.5 1280,-45.5"/>
<text text-anchor="middle" x="1245" y="-32" style="font-family:Arial;font-size:10.00;">Exons_distr</text>
</g>
<!-- R_exonWORKFLOWINTERNALSINK_DistributionPlot&#45;&gt;WORKFLOWINTERNALSINK_Exons_distr -->
<g id="edge213" class="edge"><title>R_exonWORKFLOWINTERNALSINK_DistributionPlot&#45;&gt;WORKFLOWINTERNALSINK_Exons_distr</title>
<path style="fill:none;stroke:black;" d="M1252,-99C1251,-88 1249,-70 1247,-56"/>
<polygon style="fill:black;stroke:black;" points="1250.48,-55.6021 1246,-46 1243.51,-56.2987 1250.48,-55.6021"/>
</g>
<!-- WORKFLOWINTERNALSINK_Exons_log -->
<g id="node191" class="node"><title>WORKFLOWINTERNALSINK_Exons_log</title>
<polygon style="fill:#bcd2ee;stroke:black;" points="1484,-45.5 1420,-45.5 1420,-24.5 1484,-24.5 1484,-45.5"/>
<text text-anchor="middle" x="1452" y="-32" style="font-family:Arial;font-size:10.00;">Exons_log</text>
</g>
<!-- R_exonWORKFLOWINTERNALSINK_LogPlot&#45;&gt;WORKFLOWINTERNALSINK_Exons_log -->
<g id="edge215" class="edge"><title>R_exonWORKFLOWINTERNALSINK_LogPlot&#45;&gt;WORKFLOWINTERNALSINK_Exons_log</title>
<path style="fill:none;stroke:black;" d="M1401,-99C1411,-87 1426,-68 1438,-54"/>
<polygon style="fill:black;stroke:black;" points="1440.8,-56.1 1444,-46 1435.2,-51.9 1440.8,-56.1"/>
</g>
<!-- WORKFLOWINTERNALSINK_Exons_summ -->
<g id="node192" class="node"><title>WORKFLOWINTERNALSINK_Exons_summ</title>
<polygon style="fill:#bcd2ee;stroke:black;" points="1566,-45.5 1488,-45.5 1488,-24.5 1566,-24.5 1566,-45.5"/>
<text text-anchor="middle" x="1527" y="-32" style="font-family:Arial;font-size:10.00;">Exons_summ</text>
</g>
<!-- R_exonWORKFLOWINTERNALSINK_PointList&#45;&gt;WORKFLOWINTERNALSINK_Exons_summ -->
<g id="edge217" class="edge"><title>R_exonWORKFLOWINTERNALSINK_PointList&#45;&gt;WORKFLOWINTERNALSINK_Exons_summ</title>
<path style="fill:none;stroke:black;" d="M1461,-99C1473,-87 1494,-67 1509,-53"/>
<polygon style="fill:black;stroke:black;" points="1511.4,-55.546 1516,-46 1506.45,-50.5962 1511.4,-55.546"/>
</g>
<!-- WORKFLOWINTERNALSINK_exons_hist -->
<g id="node195" class="node"><title>WORKFLOWINTERNALSINK_exons_hist</title>
<polygon style="fill:#bcd2ee;stroke:black;" points="1206,-45.5 1140,-45.5 1140,-24.5 1206,-24.5 1206,-45.5"/>
<text text-anchor="middle" x="1173" y="-32" style="font-family:Arial;font-size:10.00;">exons_hist</text>
</g>
<!-- R_exonWORKFLOWINTERNALSINK_hist&#45;&gt;WORKFLOWINTERNALSINK_exons_hist -->
<g id="edge221" class="edge"><title>R_exonWORKFLOWINTERNALSINK_hist&#45;&gt;WORKFLOWINTERNALSINK_exons_hist</title>
<path style="fill:none;stroke:black;" d="M1188,-99C1186,-88 1181,-70 1178,-56"/>
<polygon style="fill:black;stroke:black;" points="1181.23,-54.5725 1175,-46 1174.52,-56.584 1181.23,-54.5725"/>
</g>
<!-- WORKFLOWINTERNALSINK_exons_pie -->
<g id="node194" class="node"><title>WORKFLOWINTERNALSINK_exons_pie</title>
<polygon style="fill:#bcd2ee;stroke:black;" points="1348,-45.5 1284,-45.5 1284,-24.5 1348,-24.5 1348,-45.5"/>
<text text-anchor="middle" x="1316" y="-32" style="font-family:Arial;font-size:10.00;">exons_pie</text>
</g>
<!-- R_exonWORKFLOWINTERNALSINK_pie&#45;&gt;WORKFLOWINTERNALSINK_exons_pie -->
<g id="edge223" class="edge"><title>R_exonWORKFLOWINTERNALSINK_pie&#45;&gt;WORKFLOWINTERNALSINK_exons_pie</title>
<path style="fill:none;stroke:black;" d="M1315,-99C1315,-88 1315,-70 1315,-56"/>
<polygon style="fill:black;stroke:black;" points="1318.49,-56.2987 1316,-46 1311.52,-55.6021 1318.49,-56.2987"/>
</g>
<!-- WORKFLOWINTERNALSINK_exons_bar -->
<g id="node193" class="node"><title>WORKFLOWINTERNALSINK_exons_bar</title>
<polygon style="fill:#bcd2ee;stroke:black;" points="1416,-45.5 1352,-45.5 1352,-24.5 1416,-24.5 1416,-45.5"/>
<text text-anchor="middle" x="1384" y="-32" style="font-family:Arial;font-size:10.00;">exons_bar</text>
</g>
<!-- R_exonWORKFLOWINTERNALSINK_bar&#45;&gt;WORKFLOWINTERNALSINK_exons_bar -->
<g id="edge219" class="edge"><title>R_exonWORKFLOWINTERNALSINK_bar&#45;&gt;WORKFLOWINTERNALSINK_exons_bar</title>
<path style="fill:none;stroke:black;" d="M1354,-99C1360,-88 1368,-69 1375,-55"/>
<polygon style="fill:black;stroke:black;" points="1378.14,-56.5596 1379,-46 1371.74,-53.7166 1378.14,-56.5596"/>
</g>
<!-- R_codonsdelist_numbe -->
<g id="node128" class="node"><title>R_codonsdelist_numbe</title>
<polygon style="fill:#d15fee;stroke:black;" points="1748,-254.5 1668,-254.5 1668,-233.5 1748,-233.5 1748,-254.5"/>
<text text-anchor="middle" x="1708" y="-241" style="font-family:Arial;font-size:10.00;">delist_numbe</text>
</g>
<!-- R_codonsbarplot -->
<g id="node129" class="node"><title>R_codonsbarplot</title>
<polygon style="fill:lightgoldenrodyellow;stroke:black;" points="1582,-195.5 1534,-195.5 1534,-174.5 1582,-174.5 1582,-195.5"/>
<text text-anchor="middle" x="1558" y="-182" style="font-family:Arial;font-size:10.00;">barplot</text>
</g>
<!-- R_codonsdelist_numbe&#45;&gt;R_codonsbarplot -->
<g id="edge113" class="edge"><title>R_codonsdelist_numbe&#45;&gt;R_codonsbarplot</title>
<path style="fill:none;stroke:black;" d="M1668,-241C1638,-238 1600,-233 1586,-225 1578,-220 1572,-213 1568,-205"/>
<polygon style="fill:black;stroke:black;" points="1570.92,-203.042 1563,-196 1564.8,-206.441 1570.92,-203.042"/>
</g>
<!-- R_codonsplot_distribution -->
<g id="node130" class="node"><title>R_codonsplot_distribution</title>
<polygon style="fill:lightgoldenrodyellow;stroke:black;" points="1678,-195.5 1586,-195.5 1586,-174.5 1678,-174.5 1678,-195.5"/>
<text text-anchor="middle" x="1632" y="-182" style="font-family:Arial;font-size:10.00;">plot_distribution</text>
</g>
<!-- R_codonsdelist_numbe&#45;&gt;R_codonsplot_distribution -->
<g id="edge107" class="edge"><title>R_codonsdelist_numbe&#45;&gt;R_codonsplot_distribution</title>
<path style="fill:none;stroke:black;" d="M1694,-233C1690,-231 1686,-228 1682,-225 1673,-217 1663,-209 1654,-202"/>
<polygon style="fill:black;stroke:black;" points="1656.1,-199.2 1646,-196 1651.9,-204.8 1656.1,-199.2"/>
</g>
<!-- R_codonslog_plot -->
<g id="node131" class="node"><title>R_codonslog_plot</title>
<polygon style="fill:lightgoldenrodyellow;stroke:black;" points="1734,-195.5 1682,-195.5 1682,-174.5 1734,-174.5 1734,-195.5"/>
<text text-anchor="middle" x="1708" y="-182" style="font-family:Arial;font-size:10.00;">log_plot</text>
</g>
<!-- R_codonsdelist_numbe&#45;&gt;R_codonslog_plot -->
<g id="edge101" class="edge"><title>R_codonsdelist_numbe&#45;&gt;R_codonslog_plot</title>
<path style="fill:none;stroke:black;" d="M1708,-233C1708,-225 1708,-215 1708,-206"/>
<polygon style="fill:black;stroke:black;" points="1711.5,-206 1708,-196 1704.5,-206 1711.5,-206"/>
</g>
<!-- R_codonspie_distr -->
<g id="node132" class="node"><title>R_codonspie_distr</title>
<polygon style="fill:lightgoldenrodyellow;stroke:black;" points="1796,-195.5 1738,-195.5 1738,-174.5 1796,-174.5 1796,-195.5"/>
<text text-anchor="middle" x="1767" y="-182" style="font-family:Arial;font-size:10.00;">pie_distr</text>
</g>
<!-- R_codonsdelist_numbe&#45;&gt;R_codonspie_distr -->
<g id="edge105" class="edge"><title>R_codonsdelist_numbe&#45;&gt;R_codonspie_distr</title>
<path style="fill:none;stroke:black;" d="M1724,-233C1727,-231 1731,-228 1734,-225 1741,-219 1748,-211 1753,-204"/>
<polygon style="fill:black;stroke:black;" points="1755.8,-206.1 1759,-196 1750.2,-201.9 1755.8,-206.1"/>
</g>
<!-- R_codonsoutput_points -->
<g id="node133" class="node"><title>R_codonsoutput_points</title>
<polygon style="fill:lightgoldenrodyellow;stroke:black;" points="1878,-195.5 1800,-195.5 1800,-174.5 1878,-174.5 1878,-195.5"/>
<text text-anchor="middle" x="1839" y="-182" style="font-family:Arial;font-size:10.00;">output_points</text>
</g>
<!-- R_codonsdelist_numbe&#45;&gt;R_codonsoutput_points -->
<g id="edge103" class="edge"><title>R_codonsdelist_numbe&#45;&gt;R_codonsoutput_points</title>
<path style="fill:none;stroke:black;" d="M1748,-240C1764,-237 1782,-232 1796,-225 1806,-219 1816,-211 1824,-204"/>
<polygon style="fill:black;stroke:black;" points="1827.05,-205.831 1831,-196 1821.78,-201.221 1827.05,-205.831"/>
</g>
<!-- R_codonshist_distr -->
<g id="node134" class="node"><title>R_codonshist_distr</title>
<polygon style="fill:lightgoldenrodyellow;stroke:black;" points="1942,-195.5 1882,-195.5 1882,-174.5 1942,-174.5 1942,-195.5"/>
<text text-anchor="middle" x="1912" y="-182" style="font-family:Arial;font-size:10.00;">hist_distr</text>
</g>
<!-- R_codonsdelist_numbe&#45;&gt;R_codonshist_distr -->
<g id="edge99" class="edge"><title>R_codonsdelist_numbe&#45;&gt;R_codonshist_distr</title>
<path style="fill:none;stroke:black;" d="M1748,-243C1791,-241 1857,-236 1878,-225 1887,-220 1894,-212 1900,-204"/>
<polygon style="fill:black;stroke:black;" points="1902.8,-206.1 1906,-196 1897.2,-201.9 1902.8,-206.1"/>
</g>
<!-- R_codonsWORKFLOWINTERNALSINK_bar -->
<g id="node145" class="node"><title>R_codonsWORKFLOWINTERNALSINK_bar</title>
<polygon style="fill:#bcd2ee;stroke:black;" points="1602,-120.5 1572,-120.5 1572,-99.5 1602,-99.5 1602,-120.5"/>
<text text-anchor="middle" x="1587" y="-107" style="font-family:Arial;font-size:10.00;">bar</text>
</g>
<!-- R_codonsbarplot&#45;&gt;R_codonsWORKFLOWINTERNALSINK_bar -->
<g id="edge111" class="edge"><title>R_codonsbarplot&#45;&gt;R_codonsWORKFLOWINTERNALSINK_bar</title>
<path style="fill:none;stroke:black;" d="M1562,-174C1566,-163 1573,-144 1579,-130"/>
<polygon style="fill:black;stroke:black;" points="1582.14,-131.56 1583,-121 1575.74,-128.717 1582.14,-131.56"/>
</g>
<!-- R_codonsWORKFLOWINTERNALSINK_DistributionPlot -->
<g id="node140" class="node"><title>R_codonsWORKFLOWINTERNALSINK_DistributionPlot</title>
<polygon style="fill:#bcd2ee;stroke:black;" points="1692,-120.5 1606,-120.5 1606,-99.5 1692,-99.5 1692,-120.5"/>
<text text-anchor="middle" x="1649" y="-107" style="font-family:Arial;font-size:10.00;">DistributionPlot</text>
</g>
<!-- R_codonsplot_distribution&#45;&gt;R_codonsWORKFLOWINTERNALSINK_DistributionPlot -->
<g id="edge123" class="edge"><title>R_codonsplot_distribution&#45;&gt;R_codonsWORKFLOWINTERNALSINK_DistributionPlot</title>
<path style="fill:none;stroke:black;" d="M1634,-174C1636,-163 1641,-145 1644,-131"/>
<polygon style="fill:black;stroke:black;" points="1647.48,-131.584 1647,-121 1640.77,-129.573 1647.48,-131.584"/>
</g>
<!-- R_codonsWORKFLOWINTERNALSINK_LogPlot -->
<g id="node141" class="node"><title>R_codonsWORKFLOWINTERNALSINK_LogPlot</title>
<polygon style="fill:#bcd2ee;stroke:black;" points="1746,-120.5 1696,-120.5 1696,-99.5 1746,-99.5 1746,-120.5"/>
<text text-anchor="middle" x="1721" y="-107" style="font-family:Arial;font-size:10.00;">LogPlot</text>
</g>
<!-- R_codonslog_plot&#45;&gt;R_codonsWORKFLOWINTERNALSINK_LogPlot -->
<g id="edge117" class="edge"><title>R_codonslog_plot&#45;&gt;R_codonsWORKFLOWINTERNALSINK_LogPlot</title>
<path style="fill:none;stroke:black;" d="M1710,-174C1712,-163 1714,-145 1717,-131"/>
<polygon style="fill:black;stroke:black;" points="1720.47,-131.492 1719,-121 1713.61,-130.119 1720.47,-131.492"/>
</g>
<!-- R_codonsWORKFLOWINTERNALSINK_pie -->
<g id="node144" class="node"><title>R_codonsWORKFLOWINTERNALSINK_pie</title>
<polygon style="fill:#bcd2ee;stroke:black;" points="1780,-120.5 1750,-120.5 1750,-99.5 1780,-99.5 1780,-120.5"/>
<text text-anchor="middle" x="1765" y="-107" style="font-family:Arial;font-size:10.00;">pie</text>
</g>
<!-- R_codonspie_distr&#45;&gt;R_codonsWORKFLOWINTERNALSINK_pie -->
<g id="edge121" class="edge"><title>R_codonspie_distr&#45;&gt;R_codonsWORKFLOWINTERNALSINK_pie</title>
<path style="fill:none;stroke:black;" d="M1767,-174C1766,-163 1766,-145 1766,-131"/>
<polygon style="fill:black;stroke:black;" points="1769.48,-130.602 1765,-121 1762.51,-131.299 1769.48,-130.602"/>
</g>
<!-- R_codonsWORKFLOWINTERNALSINK_PointList -->
<g id="node142" class="node"><title>R_codonsWORKFLOWINTERNALSINK_PointList</title>
<polygon style="fill:#bcd2ee;stroke:black;" points="1840,-120.5 1784,-120.5 1784,-99.5 1840,-99.5 1840,-120.5"/>
<text text-anchor="middle" x="1812" y="-107" style="font-family:Arial;font-size:10.00;">PointList</text>
</g>
<!-- R_codonsoutput_points&#45;&gt;R_codonsWORKFLOWINTERNALSINK_PointList -->
<g id="edge119" class="edge"><title>R_codonsoutput_points&#45;&gt;R_codonsWORKFLOWINTERNALSINK_PointList</title>
<path style="fill:none;stroke:black;" d="M1835,-174C1831,-163 1824,-145 1819,-131"/>
<polygon style="fill:black;stroke:black;" points="1822.23,-129.573 1816,-121 1815.52,-131.584 1822.23,-129.573"/>
</g>
<!-- R_codonsWORKFLOWINTERNALSINK_hist -->
<g id="node143" class="node"><title>R_codonsWORKFLOWINTERNALSINK_hist</title>
<polygon style="fill:#bcd2ee;stroke:black;" points="1876,-120.5 1844,-120.5 1844,-99.5 1876,-99.5 1876,-120.5"/>
<text text-anchor="middle" x="1860" y="-107" style="font-family:Arial;font-size:10.00;">hist</text>
</g>
<!-- R_codonshist_distr&#45;&gt;R_codonsWORKFLOWINTERNALSINK_hist -->
<g id="edge115" class="edge"><title>R_codonshist_distr&#45;&gt;R_codonsWORKFLOWINTERNALSINK_hist</title>
<path style="fill:none;stroke:black;" d="M1901,-174C1894,-168 1886,-159 1880,-150 1875,-143 1872,-136 1869,-130"/>
<polygon style="fill:black;stroke:black;" points="1871.92,-128.042 1864,-121 1865.8,-131.441 1871.92,-128.042"/>
</g>
<!-- R_codonsWORKFLOWINTERNALSOURCECONTROL -->
<g id="node136" class="node"><title>R_codonsWORKFLOWINTERNALSOURCECONTROL</title>
<polygon style="fill:#ff4040;stroke:black;" points="1676,-289 1669,-278.5 1683,-278.5 1676,-289"/>
</g>
<!-- R_codonsWORKFLOWINTERNALSOURCE_i&#45;&gt;R_codonsdelist_numbe -->
<g id="edge109" class="edge"><title>R_codonsWORKFLOWINTERNALSOURCE_i&#45;&gt;R_codonsdelist_numbe</title>
<path style="fill:none;stroke:black;" d="M1656,-272C1659,-268 1663,-265 1667,-263 1669,-262 1670,-261 1672,-260"/>
<polygon style="fill:black;stroke:black;" points="1673.96,-262.916 1681,-255 1670.56,-256.797 1673.96,-262.916"/>
</g>
<!-- R_codonsWORKFLOWINTERNALSINKCONTROL -->
<g id="node139" class="node"><title>R_codonsWORKFLOWINTERNALSINKCONTROL</title>
<polygon style="fill:#66cd00;stroke:black;" points="1887,-103 1894,-113.5 1880,-113.5 1887,-103"/>
</g>
<!-- WORKFLOWINTERNALSINK_Codons_distr -->
<g id="node178" class="node"><title>WORKFLOWINTERNALSINK_Codons_distr</title>
<polygon style="fill:#bcd2ee;stroke:black;" points="1680,-45.5 1604,-45.5 1604,-24.5 1680,-24.5 1680,-45.5"/>
<text text-anchor="middle" x="1642" y="-32" style="font-family:Arial;font-size:10.00;">Codons_distr</text>
</g>
<!-- R_codonsWORKFLOWINTERNALSINK_DistributionPlot&#45;&gt;WORKFLOWINTERNALSINK_Codons_distr -->
<g id="edge195" class="edge"><title>R_codonsWORKFLOWINTERNALSINK_DistributionPlot&#45;&gt;WORKFLOWINTERNALSINK_Codons_distr</title>
<path style="fill:none;stroke:black;" d="M1648,-99C1647,-88 1645,-70 1644,-56"/>
<polygon style="fill:black;stroke:black;" points="1647.48,-55.6021 1643,-46 1640.51,-56.2987 1647.48,-55.6021"/>
</g>
<!-- WORKFLOWINTERNALSINK_Codons_log -->
<g id="node179" class="node"><title>WORKFLOWINTERNALSINK_Codons_log</title>
<polygon style="fill:#bcd2ee;stroke:black;" points="1754,-45.5 1684,-45.5 1684,-24.5 1754,-24.5 1754,-45.5"/>
<text text-anchor="middle" x="1719" y="-32" style="font-family:Arial;font-size:10.00;">Codons_log</text>
</g>
<!-- R_codonsWORKFLOWINTERNALSINK_LogPlot&#45;&gt;WORKFLOWINTERNALSINK_Codons_log -->
<g id="edge197" class="edge"><title>R_codonsWORKFLOWINTERNALSINK_LogPlot&#45;&gt;WORKFLOWINTERNALSINK_Codons_log</title>
<path style="fill:none;stroke:black;" d="M1721,-99C1720,-88 1720,-70 1720,-56"/>
<polygon style="fill:black;stroke:black;" points="1723.48,-55.6021 1719,-46 1716.51,-56.2987 1723.48,-55.6021"/>
</g>
<!-- WORKFLOWINTERNALSINK_Codons_summ -->
<g id="node180" class="node"><title>WORKFLOWINTERNALSINK_Codons_summ</title>
<polygon style="fill:#bcd2ee;stroke:black;" points="1876,-45.5 1792,-45.5 1792,-24.5 1876,-24.5 1876,-45.5"/>
<text text-anchor="middle" x="1834" y="-32" style="font-family:Arial;font-size:10.00;">Codons_summ</text>
</g>
<!-- R_codonsWORKFLOWINTERNALSINK_PointList&#45;&gt;WORKFLOWINTERNALSINK_Codons_summ -->
<g id="edge199" class="edge"><title>R_codonsWORKFLOWINTERNALSINK_PointList&#45;&gt;WORKFLOWINTERNALSINK_Codons_summ</title>
<path style="fill:none;stroke:black;" d="M1815,-99C1818,-88 1824,-70 1828,-56"/>
<polygon style="fill:black;stroke:black;" points="1831.48,-56.584 1831,-46 1824.77,-54.5725 1831.48,-56.584"/>
</g>
<!-- WORKFLOWINTERNALSINK_hist -->
<g id="node181" class="node"><title>WORKFLOWINTERNALSINK_hist</title>
<polygon style="fill:#bcd2ee;stroke:black;" points="1912,-45.5 1880,-45.5 1880,-24.5 1912,-24.5 1912,-45.5"/>
<text text-anchor="middle" x="1896" y="-32" style="font-family:Arial;font-size:10.00;">hist</text>
</g>
<!-- R_codonsWORKFLOWINTERNALSINK_hist&#45;&gt;WORKFLOWINTERNALSINK_hist -->
<g id="edge203" class="edge"><title>R_codonsWORKFLOWINTERNALSINK_hist&#45;&gt;WORKFLOWINTERNALSINK_hist</title>
<path style="fill:none;stroke:black;" d="M1865,-99C1871,-88 1880,-69 1886,-55"/>
<polygon style="fill:black;stroke:black;" points="1889.2,-56.4414 1891,-46 1883.08,-53.0418 1889.2,-56.4414"/>
</g>
<!-- WORKFLOWINTERNALSINK_pie -->
<g id="node182" class="node"><title>WORKFLOWINTERNALSINK_pie</title>
<polygon style="fill:#bcd2ee;stroke:black;" points="1788,-45.5 1758,-45.5 1758,-24.5 1788,-24.5 1788,-45.5"/>
<text text-anchor="middle" x="1773" y="-32" style="font-family:Arial;font-size:10.00;">pie</text>
</g>
<!-- R_codonsWORKFLOWINTERNALSINK_pie&#45;&gt;WORKFLOWINTERNALSINK_pie -->
<g id="edge205" class="edge"><title>R_codonsWORKFLOWINTERNALSINK_pie&#45;&gt;WORKFLOWINTERNALSINK_pie</title>
<path style="fill:none;stroke:black;" d="M1766,-99C1767,-88 1769,-70 1771,-56"/>
<polygon style="fill:black;stroke:black;" points="1774.49,-56.2987 1772,-46 1767.52,-55.6021 1774.49,-56.2987"/>
</g>
<!-- WORKFLOWINTERNALSINK_bar -->
<g id="node183" class="node"><title>WORKFLOWINTERNALSINK_bar</title>
<polygon style="fill:#bcd2ee;stroke:black;" points="1600,-45.5 1570,-45.5 1570,-24.5 1600,-24.5 1600,-45.5"/>
<text text-anchor="middle" x="1585" y="-32" style="font-family:Arial;font-size:10.00;">bar</text>
</g>
<!-- R_codonsWORKFLOWINTERNALSINK_bar&#45;&gt;WORKFLOWINTERNALSINK_bar -->
<g id="edge201" class="edge"><title>R_codonsWORKFLOWINTERNALSINK_bar&#45;&gt;WORKFLOWINTERNALSINK_bar</title>
<path style="fill:none;stroke:black;" d="M1587,-99C1586,-88 1586,-70 1586,-56"/>
<polygon style="fill:black;stroke:black;" points="1589.48,-55.6021 1585,-46 1582.51,-56.2987 1589.48,-55.6021"/>
</g>
<!-- WORKFLOWINTERNALSINK_mut -->
<g id="node177" class="node"><title>WORKFLOWINTERNALSINK_mut</title>
<polygon style="fill:#bcd2ee;stroke:black;" points="954,-45.5 920,-45.5 920,-24.5 954,-24.5 954,-45.5"/>
<text text-anchor="middle" x="937" y="-32" style="font-family:Arial;font-size:10.00;">mut</text>
</g>
<!-- getP53_Mutations&#45;&gt;WORKFLOWINTERNALSINK_mut -->
<g id="edge261" class="edge"><title>getP53_Mutations&#45;&gt;WORKFLOWINTERNALSINK_mut</title>
<path style="fill:none;stroke:black;" d="M922,-233C925,-201 932,-100 935,-56"/>
<polygon style="fill:black;stroke:black;" points="938.488,-56.2987 936,-46 931.522,-55.6021 938.488,-56.2987"/>
</g>
<!-- getP53_Ids&#45;&gt;Split_string_1 -->
<g id="edge183" class="edge"><title>getP53_Ids&#45;&gt;Split_string_1</title>
<path style="fill:none;stroke:black;" d="M976,-628C976,-626 976,-624 976,-622"/>
<polygon style="fill:black;stroke:black;" points="979.5,-622 976,-612 972.5,-622 979.5,-622"/>
</g>
<!-- WORKFLOWINTERNALSINK_Som_Mut_IDs -->
<g id="node172" class="node"><title>WORKFLOWINTERNALSINK_Som_Mut_IDs</title>
<polygon style="fill:#bcd2ee;stroke:black;" points="1136,-45.5 1054,-45.5 1054,-24.5 1136,-24.5 1136,-45.5"/>
<text text-anchor="middle" x="1095" y="-32" style="font-family:Arial;font-size:10.00;">Som_Mut_IDs</text>
</g>
<!-- getP53_Ids&#45;&gt;WORKFLOWINTERNALSINK_Som_Mut_IDs -->
<g id="edge255" class="edge"><title>getP53_Ids&#45;&gt;WORKFLOWINTERNALSINK_Som_Mut_IDs</title>
<path style="fill:none;stroke:black;" d="M994,-628C1002,-624 1011,-618 1019,-612 1062,-581 1083,-565 1083,-513 1083,-513 1083,-513 1083,-185 1083,-138 1088,-84 1092,-56"/>
<polygon style="fill:black;stroke:black;" points="1095.47,-56.4922 1094,-46 1088.61,-55.1194 1095.47,-56.4922"/>
</g>
<!-- getP53_Intron&#45;&gt;getP53_Exon -->
<g id="edge273" class="edge"><title>getP53_Intron&#45;&gt;getP53_Exon</title>
<path style="fill:none;stroke:gray;" d="M877,-359C889,-344 913,-317 928,-300"/>
<ellipse style="fill:none;stroke:gray;" cx="930.675" cy="-296.255" rx="4.00002" ry="4.00002"/>
</g>
<!-- WORKFLOWINTERNALSINK_intron -->
<g id="node188" class="node"><title>WORKFLOWINTERNALSINK_intron</title>
<polygon style="fill:#bcd2ee;stroke:black;" points="916,-45.5 874,-45.5 874,-24.5 916,-24.5 916,-45.5"/>
<text text-anchor="middle" x="895" y="-32" style="font-family:Arial;font-size:10.00;">intron</text>
</g>
<!-- getP53_Intron&#45;&gt;WORKFLOWINTERNALSINK_intron -->
<g id="edge257" class="edge"><title>getP53_Intron&#45;&gt;WORKFLOWINTERNALSINK_intron</title>
<path style="fill:none;stroke:black;" d="M868,-359C867,-337 865,-287 865,-244 865,-244 865,-244 865,-185 865,-138 879,-84 888,-56"/>
<polygon style="fill:black;stroke:black;" points="891.479,-56.584 891,-46 884.774,-54.5725 891.479,-56.584"/>
</g>
<!-- getP53_Topography&#45;&gt;Split_string_2 -->
<g id="edge187" class="edge"><title>getP53_Topography&#45;&gt;Split_string_2</title>
<path style="fill:none;stroke:black;" d="M706,-671C671,-666 629,-659 613,-650 601,-642 589,-630 582,-620"/>
<polygon style="fill:black;stroke:black;" points="584.8,-617.9 576,-612 579.2,-622.1 584.8,-617.9"/>
</g>
<!-- getP53_Topography&#45;&gt;getP53_Ids -->
<g id="edge267" class="edge"><title>getP53_Topography&#45;&gt;getP53_Ids</title>
<path style="fill:none;stroke:gray;" d="M814,-671C848,-666 892,-660 934,-651"/>
<ellipse style="fill:none;stroke:gray;" cx="938.119" cy="-649.97" rx="4.00001" ry="4.00001"/>
</g>
<!-- getP53_Topography&#45;&gt;getP53_Mut_Type -->
<g id="edge269" class="edge"><title>getP53_Topography&#45;&gt;getP53_Mut_Type</title>
<path style="fill:none;stroke:gray;" d="M706,-674C672,-670 627,-664 590,-650 560,-638 545,-639 528,-612 506,-575 512,-522 516,-494"/>
<ellipse style="fill:none;stroke:gray;" cx="517.03" cy="-489.881" rx="4.00001" ry="4.00001"/>
</g>
<!-- WORKFLOWINTERNALSINK_test -->
<g id="node184" class="node"><title>WORKFLOWINTERNALSINK_test</title>
<polygon style="fill:#bcd2ee;stroke:black;" points="546,-45.5 514,-45.5 514,-24.5 546,-24.5 546,-45.5"/>
<text text-anchor="middle" x="530" y="-32" style="font-family:Arial;font-size:10.00;">test</text>
</g>
<!-- getP53_Topography&#45;&gt;WORKFLOWINTERNALSINK_test -->
<g id="edge263" class="edge"><title>getP53_Topography&#45;&gt;WORKFLOWINTERNALSINK_test</title>
<path style="fill:none;stroke:black;" d="M706,-670C665,-661 617,-642 617,-601 617,-601 617,-601 617,-185 617,-127 578,-125 550,-75 547,-68 543,-61 540,-55"/>
<polygon style="fill:black;stroke:black;" points="542.916,-53.0418 535,-46 536.797,-56.4414 542.916,-53.0418"/>
</g>
<!-- getP53_Effect&#45;&gt;filter_list1 -->
<g id="edge179" class="edge"><title>getP53_Effect&#45;&gt;filter_list1</title>
<path style="fill:none;stroke:black;" d="M716,-405C716,-401 716,-396 716,-391"/>
<polygon style="fill:black;stroke:black;" points="719.5,-391 716,-381 712.5,-391 719.5,-391"/>
</g>
<!-- getP53_Effect&#45;&gt;getP53_Intron -->
<g id="edge275" class="edge"><title>getP53_Effect&#45;&gt;getP53_Intron</title>
<path style="fill:none;stroke:gray;" d="M751,-405C773,-399 802,-390 825,-383"/>
<ellipse style="fill:none;stroke:gray;" cx="829.119" cy="-381.97" rx="4.00001" ry="4.00001"/>
</g>
<!-- WORKFLOWINTERNALSINK_effect -->
<g id="node187" class="node"><title>WORKFLOWINTERNALSINK_effect</title>
<polygon style="fill:#bcd2ee;stroke:black;" points="592,-45.5 550,-45.5 550,-24.5 592,-24.5 592,-45.5"/>
<text text-anchor="middle" x="571" y="-32" style="font-family:Arial;font-size:10.00;">effect</text>
</g>
<!-- getP53_Effect&#45;&gt;WORKFLOWINTERNALSINK_effect -->
<g id="edge251" class="edge"><title>getP53_Effect&#45;&gt;WORKFLOWINTERNALSINK_effect</title>
<path style="fill:none;stroke:black;" d="M702,-405C678,-385 627,-336 627,-282 627,-282 627,-282 627,-185 627,-139 648,-118 620,-83 614,-74 605,-81 596,-75 589,-70 584,-62 580,-55"/>
<polygon style="fill:black;stroke:black;" points="582.916,-53.0418 575,-46 576.797,-56.4414 582.916,-53.0418"/>
</g>
<!-- getP53_Codons&#45;&gt;Split_string_ -->
<g id="edge177" class="edge"><title>getP53_Codons&#45;&gt;Split_string_</title>
<path style="fill:none;stroke:black;" d="M866,-706C907,-697 967,-679 1012,-650 1105,-589 1183,-479 1211,-436"/>
<polygon style="fill:black;stroke:black;" points="1214.37,-437.262 1217,-427 1208.54,-433.379 1214.37,-437.262"/>
</g>
<!-- getP53_Codons&#45;&gt;getP53_Topography -->
<g id="edge265" class="edge"><title>getP53_Codons&#45;&gt;getP53_Topography</title>
<path style="fill:none;stroke:gray;" d="M805,-704C798,-700 791,-696 784,-692"/>
<ellipse style="fill:none;stroke:gray;" cx="780.473" cy="-689.985" rx="4.00002" ry="4.00002"/>
</g>
<!-- WORKFLOWINTERNALSINK_Codons_num -->
<g id="node173" class="node"><title>WORKFLOWINTERNALSINK_Codons_num</title>
<polygon style="fill:#bcd2ee;stroke:black;" points="870,-45.5 794,-45.5 794,-24.5 870,-24.5 870,-45.5"/>
<text text-anchor="middle" x="832" y="-32" style="font-family:Arial;font-size:10.00;">Codons_num</text>
</g>
<!-- getP53_Codons&#45;&gt;WORKFLOWINTERNALSINK_Codons_num -->
<g id="edge249" class="edge"><title>getP53_Codons&#45;&gt;WORKFLOWINTERNALSINK_Codons_num</title>
<path style="fill:none;stroke:black;" d="M822,-704C821,-689 821,-662 821,-639 821,-639 821,-639 821,-185 821,-138 826,-85 830,-56"/>
<polygon style="fill:black;stroke:black;" points="833.488,-56.2987 831,-46 826.522,-55.6021 833.488,-56.2987"/>
</g>
<!-- getP53_Mut_Type&#45;&gt;filter_list -->
<g id="edge185" class="edge"><title>getP53_Mut_Type&#45;&gt;filter_list</title>
<path style="fill:none;stroke:black;" d="M511,-464C493,-446 460,-410 439,-388"/>
<polygon style="fill:black;stroke:black;" points="441.546,-385.596 432,-381 436.596,-390.546 441.546,-385.596"/>
</g>
<!-- getP53_Mut_Type&#45;&gt;getP53_Effect -->
<g id="edge271" class="edge"><title>getP53_Mut_Type&#45;&gt;getP53_Effect</title>
<path style="fill:none;stroke:gray;" d="M556,-464C589,-454 638,-439 673,-429"/>
<ellipse style="fill:none;stroke:gray;" cx="677.119" cy="-427.97" rx="4.00001" ry="4.00001"/>
</g>
<!-- WORKFLOWINTERNALSINK_type -->
<g id="node186" class="node"><title>WORKFLOWINTERNALSINK_type</title>
<polygon style="fill:#bcd2ee;stroke:black;" points="272,-45.5 236,-45.5 236,-24.5 272,-24.5 272,-45.5"/>
<text text-anchor="middle" x="254" y="-32" style="font-family:Arial;font-size:10.00;">type</text>
</g>
<!-- getP53_Mut_Type&#45;&gt;WORKFLOWINTERNALSINK_type -->
<g id="edge259" class="edge"><title>getP53_Mut_Type&#45;&gt;WORKFLOWINTERNALSINK_type</title>
<path style="fill:none;stroke:black;" d="M474,-464C404,-447 281,-412 281,-370 281,-370 281,-370 281,-185 281,-138 268,-84 260,-56"/>
<polygon style="fill:black;stroke:black;" points="263.226,-54.5725 257,-46 256.521,-56.584 263.226,-54.5725"/>
</g>
<!-- getP53_Exon&#45;&gt;Filter_list_3 -->
<g id="edge181" class="edge"><title>getP53_Exon&#45;&gt;Filter_list_3</title>
<path style="fill:none;stroke:black;" d="M969,-271C979,-267 992,-263 1003,-259"/>
<polygon style="fill:black;stroke:black;" points="1004.28,-262.26 1012,-255 1001.44,-255.863 1004.28,-262.26"/>
</g>
<!-- getP53_Exon&#45;&gt;getP53_Mutations -->
<g id="edge277" class="edge"><title>getP53_Exon&#45;&gt;getP53_Mutations</title>
<path style="fill:none;stroke:gray;" d="M936,-271C934,-268 933,-265 931,-262"/>
<ellipse style="fill:none;stroke:gray;" cx="928.985" cy="-258.473" rx="4.00002" ry="4.00002"/>
</g>
<!-- WORKFLOWINTERNALSINK_exon -->
<g id="node189" class="node"><title>WORKFLOWINTERNALSINK_exon</title>
<polygon style="fill:#bcd2ee;stroke:black;" points="996,-45.5 958,-45.5 958,-24.5 996,-24.5 996,-45.5"/>
<text text-anchor="middle" x="977" y="-32" style="font-family:Arial;font-size:10.00;">exon</text>
</g>
<!-- getP53_Exon&#45;&gt;WORKFLOWINTERNALSINK_exon -->
<g id="edge253" class="edge"><title>getP53_Exon&#45;&gt;WORKFLOWINTERNALSINK_exon</title>
<path style="fill:none;stroke:black;" d="M957,-271C962,-267 967,-261 970,-255 986,-220 981,-104 979,-56"/>
<polygon style="fill:black;stroke:black;" points="982.478,-55.6021 978,-46 975.512,-56.2987 982.478,-55.6021"/>
</g>
<!-- WORKFLOWINTERNALSOURCECONTROL -->
<g id="node168" class="node"><title>WORKFLOWINTERNALSOURCECONTROL</title>
<polygon style="fill:#ff4040;stroke:black;" points="777,-760 770,-749.5 784,-749.5 777,-760"/>
</g>
<!-- WORKFLOWINTERNALSOURCE_query -->
<g id="node169" class="node"><title>WORKFLOWINTERNALSOURCE_query</title>
<polygon style="fill:skyblue;stroke:black;" points="766,-763.5 724,-763.5 724,-742.5 766,-742.5 766,-763.5"/>
<text text-anchor="middle" x="745" y="-750" style="font-family:Arial;font-size:10.00;">query</text>
</g>
<!-- WORKFLOWINTERNALSOURCE_query&#45;&gt;getP53_Ids -->
<g id="edge159" class="edge"><title>WORKFLOWINTERNALSOURCE_query&#45;&gt;getP53_Ids</title>
<path style="fill:none;stroke:black;" d="M734,-742C716,-724 686,-688 706,-666 723,-649 883,-653 932,-650"/>
<polygon style="fill:black;stroke:black;" points="932.398,-653.478 942,-649 931.701,-646.512 932.398,-653.478"/>
</g>
<!-- WORKFLOWINTERNALSOURCE_query&#45;&gt;getP53_Topography -->
<g id="edge189" class="edge"><title>WORKFLOWINTERNALSOURCE_query&#45;&gt;getP53_Topography</title>
<path style="fill:none;stroke:black;" d="M747,-742C749,-731 753,-712 756,-698"/>
<polygon style="fill:black;stroke:black;" points="759.471,-698.492 758,-688 752.607,-697.119 759.471,-698.492"/>
</g>
<!-- WORKFLOWINTERNALSOURCE_query&#45;&gt;getP53_Codons -->
<g id="edge157" class="edge"><title>WORKFLOWINTERNALSOURCE_query&#45;&gt;getP53_Codons</title>
<path style="fill:none;stroke:black;" d="M757,-742C761,-739 766,-736 770,-734 773,-732 776,-731 779,-729"/>
<polygon style="fill:black;stroke:black;" points="780.427,-732.226 789,-726 778.416,-725.521 780.427,-732.226"/>
</g>
<!-- WORKFLOWINTERNALSINKCONTROL -->
<g id="node171" class="node"><title>WORKFLOWINTERNALSINKCONTROL</title>
<polygon style="fill:#66cd00;stroke:black;" points="1953,-28 1960,-38.5 1946,-38.5 1953,-28"/>
</g>
</g>
</svg>
